[35m[1mScanning dependencies of target std_msgs_generate_messages_eus[0m
[  0%] Built target std_msgs_generate_messages_eus
[35m[1mScanning dependencies of target _interbotix_perception_modules_generate_messages_check_deps_SnapPicture[0m
[  0%] Built target _interbotix_perception_modules_generate_messages_check_deps_SnapPicture
[35m[1mScanning dependencies of target _interbotix_perception_modules_generate_messages_check_deps_ClusterInfo[0m
[  0%] Built target _interbotix_perception_modules_generate_messages_check_deps_ClusterInfo
[35m[1mScanning dependencies of target _interbotix_perception_modules_generate_messages_check_deps_FilterParams[0m
[35m[1mScanning dependencies of target _interbotix_perception_modules_generate_messages_check_deps_ClusterInfoArray[0m
[  0%] Built target _interbotix_perception_modules_generate_messages_check_deps_FilterParams
[  0%] Built target _interbotix_perception_modules_generate_messages_check_deps_ClusterInfoArray
[35m[1mScanning dependencies of target std_msgs_generate_messages_nodejs[0m
[35m[1mScanning dependencies of target geometry_msgs_generate_messages_eus[0m
[  0%] Built target std_msgs_generate_messages_nodejs
[  0%] Built target geometry_msgs_generate_messages_eus
[35m[1mScanning dependencies of target geometry_msgs_generate_messages_nodejs[0m
[35m[1mScanning dependencies of target std_msgs_generate_messages_cpp[0m
[  0%] Built target geometry_msgs_generate_messages_nodejs
[  0%] Built target std_msgs_generate_messages_cpp
[35m[1mScanning dependencies of target geometry_msgs_generate_messages_cpp[0m
[35m[1mScanning dependencies of target std_msgs_generate_messages_lisp[0m
[  0%] Built target std_msgs_generate_messages_lisp
[  0%] Built target geometry_msgs_generate_messages_cpp
[35m[1mScanning dependencies of target geometry_msgs_generate_messages_lisp[0m
[35m[1mScanning dependencies of target std_msgs_generate_messages_py[0m
[  0%] Built target std_msgs_generate_messages_py
[35m[1mScanning dependencies of target geometry_msgs_generate_messages_py[0m
[  0%] Built target geometry_msgs_generate_messages_py
[  0%] Built target geometry_msgs_generate_messages_lisp
[35m[1mScanning dependencies of target tf_generate_messages_nodejs[0m
[35m[1mScanning dependencies of target topic_tools_generate_messages_nodejs[0m
[  0%] Built target tf_generate_messages_nodejs
[  0%] Built target topic_tools_generate_messages_nodejs
[35m[1mScanning dependencies of target topic_tools_generate_messages_eus[0m
[  0%] Built target topic_tools_generate_messages_eus
[35m[1mScanning dependencies of target topic_tools_generate_messages_cpp[0m
[35m[1mScanning dependencies of target std_srvs_generate_messages_lisp[0m
[  0%] Built target topic_tools_generate_messages_cpp
[  0%] Built target std_srvs_generate_messages_lisp
[35m[1mScanning dependencies of target std_srvs_generate_messages_eus[0m
[  0%] Built target std_srvs_generate_messages_eus
[35m[1mScanning dependencies of target dynamic_reconfigure_gencfg[0m
[35m[1mScanning dependencies of target dynamic_reconfigure_generate_messages_cpp[0m
[  0%] Built target dynamic_reconfigure_gencfg
[  0%] Built target dynamic_reconfigure_generate_messages_cpp
[35m[1mScanning dependencies of target pcl_ros_gencfg[0m
[35m[1mScanning dependencies of target pcl_msgs_generate_messages_nodejs[0m
[  0%] Built target pcl_ros_gencfg
[  0%] Built target pcl_msgs_generate_messages_nodejs
[35m[1mScanning dependencies of target pcl_msgs_generate_messages_lisp[0m
[35m[1mScanning dependencies of target pcl_msgs_generate_messages_eus[0m
[  0%] Built target pcl_msgs_generate_messages_lisp
[35m[1mScanning dependencies of target pcl_msgs_generate_messages_cpp[0m
[  0%] Built target pcl_msgs_generate_messages_eus
[35m[1mScanning dependencies of target tf2_msgs_generate_messages_nodejs[0m
[  0%] Built target pcl_msgs_generate_messages_cpp
[  0%] Built target tf2_msgs_generate_messages_nodejs
[35m[1mScanning dependencies of target tf2_msgs_generate_messages_lisp[0m
[35m[1mScanning dependencies of target dynamic_reconfigure_generate_messages_lisp[0m
[  0%] Built target dynamic_reconfigure_generate_messages_lisp
[  0%] Built target tf2_msgs_generate_messages_lisp
[35m[1mScanning dependencies of target tf2_msgs_generate_messages_cpp[0m
[  0%] Built target tf2_msgs_generate_messages_cpp
[35m[1mScanning dependencies of target dynamic_reconfigure_generate_messages_py[0m
[35m[1mScanning dependencies of target actionlib_msgs_generate_messages_py[0m
[  0%] Built target dynamic_reconfigure_generate_messages_py
[  0%] Built target actionlib_msgs_generate_messages_py
[35m[1mScanning dependencies of target actionlib_msgs_generate_messages_eus[0m
[35m[1mScanning dependencies of target actionlib_msgs_generate_messages_cpp[0m
[  0%] Built target actionlib_msgs_generate_messages_cpp
[  0%] Built target actionlib_msgs_generate_messages_eus
[35m[1mScanning dependencies of target actionlib_generate_messages_py[0m
[35m[1mScanning dependencies of target actionlib_generate_messages_nodejs[0m
[  0%] Built target actionlib_generate_messages_py
[  0%] Built target actionlib_generate_messages_nodejs
[35m[1mScanning dependencies of target apriltag_ros_generate_messages_eus[0m
[35m[1mScanning dependencies of target actionlib_generate_messages_cpp[0m
[  0%] Built target apriltag_ros_generate_messages_eus
[  0%] Built target actionlib_generate_messages_cpp
[35m[1mScanning dependencies of target trajectory_msgs_generate_messages_nodejs[0m
[  0%] Built target trajectory_msgs_generate_messages_nodejs
[35m[1mScanning dependencies of target nodelet_generate_messages_eus[0m
[  0%] Built target nodelet_generate_messages_eus
[35m[1mScanning dependencies of target topic_tools_generate_messages_lisp[0m
[  0%] Built target topic_tools_generate_messages_lisp
[35m[1mScanning dependencies of target apriltag_ros_generate_messages_cpp[0m
[  0%] Built target apriltag_ros_generate_messages_cpp
[35m[1mScanning dependencies of target bond_generate_messages_py[0m
[  0%] Built target bond_generate_messages_py
[35m[1mScanning dependencies of target tf2_msgs_generate_messages_eus[0m
[  0%] Built target tf2_msgs_generate_messages_eus
[35m[1mScanning dependencies of target sensor_msgs_generate_messages_py[0m
[  0%] Built target sensor_msgs_generate_messages_py
[35m[1mScanning dependencies of target apriltag_ros_generate_messages_nodejs[0m
[  0%] Built target apriltag_ros_generate_messages_nodejs
[35m[1mScanning dependencies of target dynamic_reconfigure_generate_messages_eus[0m
[  0%] Built target dynamic_reconfigure_generate_messages_eus
[35m[1mScanning dependencies of target trajectory_msgs_generate_messages_lisp[0m
[  0%] Built target trajectory_msgs_generate_messages_lisp
[35m[1mScanning dependencies of target nodelet_generate_messages_lisp[0m
[  0%] Built target nodelet_generate_messages_lisp
[35m[1mScanning dependencies of target actionlib_generate_messages_lisp[0m
[  0%] Built target actionlib_generate_messages_lisp
[35m[1mScanning dependencies of target roscpp_generate_messages_lisp[0m
[  0%] Built target roscpp_generate_messages_lisp
[35m[1mScanning dependencies of target rosgraph_msgs_generate_messages_py[0m
[  0%] Built target rosgraph_msgs_generate_messages_py
[35m[1mScanning dependencies of target std_srvs_generate_messages_nodejs[0m
[  0%] Built target std_srvs_generate_messages_nodejs
[35m[1mScanning dependencies of target nodelet_generate_messages_py[0m
[  0%] Built target nodelet_generate_messages_py
[35m[1mScanning dependencies of target interbotix_xs_msgs_generate_messages_cpp[0m
[35m[1mScanning dependencies of target actionlib_msgs_generate_messages_nodejs[0m
[  0%] Built target interbotix_xs_msgs_generate_messages_cpp
[  0%] Built target actionlib_msgs_generate_messages_nodejs
[35m[1mScanning dependencies of target actionlib_msgs_generate_messages_lisp[0m
[  0%] Built target actionlib_msgs_generate_messages_lisp
[35m[1mScanning dependencies of target tf_generate_messages_py[0m
[  0%] Built target tf_generate_messages_py
[35m[1mScanning dependencies of target tf_generate_messages_cpp[0m
[35m[1mScanning dependencies of target apriltag_ros_generate_messages_lisp[0m
[35m[1mScanning dependencies of target trajectory_msgs_generate_messages_cpp[0m
[  0%] Built target apriltag_ros_generate_messages_lisp
[  0%] Built target trajectory_msgs_generate_messages_cpp
[  0%] Built target tf_generate_messages_cpp
[35m[1mScanning dependencies of target rosgraph_msgs_generate_messages_lisp[0m
[  0%] Built target rosgraph_msgs_generate_messages_lisp
[35m[1mScanning dependencies of target tf_generate_messages_eus[0m
[35m[1mScanning dependencies of target pcl_msgs_generate_messages_py[0m
[  0%] Built target tf_generate_messages_eus
[  0%] Built target pcl_msgs_generate_messages_py
[35m[1mScanning dependencies of target std_srvs_generate_messages_cpp[0m
[35m[1mScanning dependencies of target interbotix_xs_msgs_generate_messages_nodejs[0m
[  0%] Built target std_srvs_generate_messages_cpp
[  0%] Built target interbotix_xs_msgs_generate_messages_nodejs
[35m[1mScanning dependencies of target interbotix_xs_msgs_generate_messages_py[0m
[35m[1mScanning dependencies of target interbotix_xs_msgs_generate_messages_eus[0m
[  0%] Built target interbotix_xs_msgs_generate_messages_py
[35m[1mScanning dependencies of target interbotix_xs_msgs_generate_messages_lisp[0m
[  0%] Built target interbotix_xs_msgs_generate_messages_eus
[  0%] Built target interbotix_xs_msgs_generate_messages_lisp
[35m[1mScanning dependencies of target sensor_msgs_generate_messages_cpp[0m
[35m[1mScanning dependencies of target topic_tools_generate_messages_py[0m
[35m[1mScanning dependencies of target roscpp_generate_messages_cpp[0m
[  0%] Built target sensor_msgs_generate_messages_cpp
[  0%] Built target topic_tools_generate_messages_py
[  0%] Built target roscpp_generate_messages_cpp
[35m[1mScanning dependencies of target sensor_msgs_generate_messages_eus[0m
[35m[1mScanning dependencies of target nodelet_topic_tools_gencfg[0m
[  0%] Built target nodelet_topic_tools_gencfg
[  0%] Built target sensor_msgs_generate_messages_eus
[35m[1mScanning dependencies of target sensor_msgs_generate_messages_lisp[0m
[  0%] Built target sensor_msgs_generate_messages_lisp
[35m[1mScanning dependencies of target bond_generate_messages_lisp[0m
[35m[1mScanning dependencies of target sensor_msgs_generate_messages_nodejs[0m
[  0%] Built target bond_generate_messages_lisp
[  0%] Built target sensor_msgs_generate_messages_nodejs
[35m[1mScanning dependencies of target tf2_msgs_generate_messages_py[0m
[35m[1mScanning dependencies of target dynamic_reconfigure_generate_messages_nodejs[0m
[  0%] Built target dynamic_reconfigure_generate_messages_nodejs
[  0%] Built target tf2_msgs_generate_messages_py
[35m[1mScanning dependencies of target bond_generate_messages_cpp[0m
[35m[1mScanning dependencies of target bond_generate_messages_eus[0m
[35m[1mScanning dependencies of target roscpp_generate_messages_eus[0m
[  0%] Built target bond_generate_messages_cpp
[  0%] Built target bond_generate_messages_eus
[  0%] Built target roscpp_generate_messages_eus
[35m[1mScanning dependencies of target roscpp_generate_messages_py[0m
[35m[1mScanning dependencies of target roscpp_generate_messages_nodejs[0m
[35m[1mScanning dependencies of target trajectory_msgs_generate_messages_eus[0m
[  0%] Built target roscpp_generate_messages_nodejs
[  0%] Built target trajectory_msgs_generate_messages_eus
[  0%] Built target roscpp_generate_messages_py
[35m[1mScanning dependencies of target actionlib_generate_messages_eus[0m
[35m[1mScanning dependencies of target trajectory_msgs_generate_messages_py[0m
[35m[1mScanning dependencies of target rosgraph_msgs_generate_messages_cpp[0m
[  0%] Built target actionlib_generate_messages_eus
[  0%] Built target trajectory_msgs_generate_messages_py
[35m[1mScanning dependencies of target std_srvs_generate_messages_py[0m
[  0%] Built target rosgraph_msgs_generate_messages_cpp
[35m[1mScanning dependencies of target rosgraph_msgs_generate_messages_eus[0m
[35m[1mScanning dependencies of target rosgraph_msgs_generate_messages_nodejs[0m
[  0%] Built target std_srvs_generate_messages_py
[  0%] Built target rosgraph_msgs_generate_messages_eus
[35m[1mScanning dependencies of target nodelet_generate_messages_nodejs[0m
[35m[1mScanning dependencies of target nodelet_generate_messages_cpp[0m
[  0%] Built target nodelet_generate_messages_nodejs
[  0%] Built target rosgraph_msgs_generate_messages_nodejs
[  0%] Built target nodelet_generate_messages_cpp
[35m[1mScanning dependencies of target apriltag_ros_generate_messages_py[0m
[35m[1mScanning dependencies of target tf_generate_messages_lisp[0m
[  0%] Built target apriltag_ros_generate_messages_py
[35m[1mScanning dependencies of target bond_generate_messages_nodejs[0m
[  0%] Built target tf_generate_messages_lisp
[  0%] Built target bond_generate_messages_nodejs
[35m[1mScanning dependencies of target interbotix_perception_modules_generate_messages_nodejs[0m
[35m[1mScanning dependencies of target interbotix_perception_modules_generate_messages_cpp[0m
[  4%] [34m[1mGenerating Javascript code from interbotix_perception_modules/ClusterInfo.msg[0m
[  8%] [34m[1mGenerating C++ code from interbotix_perception_modules/ClusterInfo.msg[0m
[35m[1mScanning dependencies of target interbotix_perception_modules_generate_messages_eus[0m
[ 12%] [34m[1mGenerating EusLisp code from interbotix_perception_modules/ClusterInfo.msg[0m
[ 16%] [34m[1mGenerating Javascript code from interbotix_perception_modules/ClusterInfoArray.srv[0m
[ 20%] [34m[1mGenerating EusLisp code from interbotix_perception_modules/ClusterInfoArray.srv[0m
[ 24%] [34m[1mGenerating C++ code from interbotix_perception_modules/ClusterInfoArray.srv[0m
[ 28%] [34m[1mGenerating Javascript code from interbotix_perception_modules/FilterParams.srv[0m
[ 32%] [34m[1mGenerating EusLisp code from interbotix_perception_modules/FilterParams.srv[0m
[ 36%] [34m[1mGenerating Javascript code from interbotix_perception_modules/SnapPicture.srv[0m
[ 36%] Built target interbotix_perception_modules_generate_messages_nodejs
[ 40%] [34m[1mGenerating C++ code from interbotix_perception_modules/FilterParams.srv[0m
[35m[1mScanning dependencies of target interbotix_perception_modules_generate_messages_lisp[0m
[ 44%] [34m[1mGenerating Lisp code from interbotix_perception_modules/ClusterInfo.msg[0m
[ 48%] [34m[1mGenerating EusLisp code from interbotix_perception_modules/SnapPicture.srv[0m
[ 52%] [34m[1mGenerating EusLisp manifest code for interbotix_perception_modules[0m
[ 56%] [34m[1mGenerating Lisp code from interbotix_perception_modules/ClusterInfoArray.srv[0m
[ 60%] [34m[1mGenerating C++ code from interbotix_perception_modules/SnapPicture.srv[0m
[ 64%] [34m[1mGenerating Lisp code from interbotix_perception_modules/FilterParams.srv[0m
[ 68%] [34m[1mGenerating Lisp code from interbotix_perception_modules/SnapPicture.srv[0m
[ 68%] Built target interbotix_perception_modules_generate_messages_lisp
[35m[1mScanning dependencies of target interbotix_perception_modules_generate_messages_py[0m
[ 68%] Built target interbotix_perception_modules_generate_messages_cpp
[ 72%] [34m[1mGenerating Python from MSG interbotix_perception_modules/ClusterInfo[0m
[ 76%] [34m[1mGenerating Python code from SRV interbotix_perception_modules/ClusterInfoArray[0m
[ 80%] [34m[1mGenerating Python code from SRV interbotix_perception_modules/FilterParams[0m
[ 84%] [34m[1mGenerating Python code from SRV interbotix_perception_modules/SnapPicture[0m
[ 84%] Built target interbotix_perception_modules_generate_messages_eus
[ 88%] [34m[1mGenerating Python msg __init__.py for interbotix_perception_modules[0m
[ 92%] [34m[1mGenerating Python srv __init__.py for interbotix_perception_modules[0m
[ 92%] Built target interbotix_perception_modules_generate_messages_py
[35m[1mScanning dependencies of target perception_pipeline[0m
[35m[1mScanning dependencies of target interbotix_perception_modules_generate_messages[0m
[ 92%] Built target interbotix_perception_modules_generate_messages
[ 96%] [32mBuilding CXX object CMakeFiles/perception_pipeline.dir/src/perception_pipeline.cpp.o[0m
[100%] [32m[1mLinking CXX executable /home/ubuntu/interbotix_ws/devel/.private/interbotix_perception_modules/lib/interbotix_perception_modules/perception_pipeline[0m
[100%] Built target perception_pipeline
