[  0%] Built target xarm_msgs_generate_messages_lisp
[  0%] Built target geometry_msgs_generate_messages_nodejs
[  0%] Built target geometry_msgs_generate_messages_lisp
[  0%] Built target geometry_msgs_generate_messages_cpp
[  0%] Built target geometry_msgs_generate_messages_py
[  0%] Built target sensor_msgs_generate_messages_py
[  0%] Built target sensor_msgs_generate_messages_nodejs
[  0%] Built target sensor_msgs_generate_messages_lisp
[  0%] Built target sensor_msgs_generate_messages_cpp
[  0%] Built target rosgraph_msgs_generate_messages_eus
[  0%] Built target roscpp_generate_messages_nodejs
[  0%] Built target xarm_msgs_generate_messages_cpp
[  0%] Built target std_msgs_generate_messages_eus
[  0%] Built target roscpp_generate_messages_eus
[  0%] Built target sensor_msgs_generate_messages_eus
[  0%] Built target roscpp_generate_messages_cpp
[  0%] Built target rosgraph_msgs_generate_messages_py
[  0%] Built target xarm_msgs_generate_messages_eus
[  0%] Built target roscpp_generate_messages_py
[  0%] Built target rosgraph_msgs_generate_messages_lisp
[  0%] Built target std_msgs_generate_messages_lisp
[  0%] Built target roscpp_generate_messages_lisp
[  0%] Built target xarm_msgs_generate_messages_nodejs
[  0%] Built target rosgraph_msgs_generate_messages_nodejs
[  0%] Built target std_srvs_generate_messages_cpp
[  0%] Built target xarm_msgs_generate_messages_py
[  0%] Built target geometry_msgs_generate_messages_eus
[  0%] Built target std_msgs_generate_messages_py
[  0%] Built target std_msgs_generate_messages_cpp
[  0%] Built target std_msgs_generate_messages_nodejs
[  0%] Built target std_srvs_generate_messages_eus
[  0%] Built target std_srvs_generate_messages_nodejs
[  0%] Built target std_srvs_generate_messages_lisp
[  0%] Built target rosgraph_msgs_generate_messages_cpp
[  0%] Built target std_srvs_generate_messages_py
[  7%] Built target xarm_ros_client
[ 57%] Built target xarm_api
[ 69%] Built target xarm_driver_node
[ 76%] Built target test_tool_modbus
[ 84%] Built target servo_cart_test
[ 92%] Built target move_test
[100%] Built target example1_report_norm_node
