[35m[1mScanning dependencies of target xarm_msgs_generate_messages_lisp[0m
[  0%] Built target xarm_msgs_generate_messages_lisp
[35m[1mScanning dependencies of target geometry_msgs_generate_messages_nodejs[0m
[  0%] Built target geometry_msgs_generate_messages_nodejs
[35m[1mScanning dependencies of target geometry_msgs_generate_messages_lisp[0m
[  0%] Built target geometry_msgs_generate_messages_lisp
[35m[1mScanning dependencies of target geometry_msgs_generate_messages_cpp[0m
[  0%] Built target geometry_msgs_generate_messages_cpp
[35m[1mScanning dependencies of target geometry_msgs_generate_messages_py[0m
[  0%] Built target geometry_msgs_generate_messages_py
[35m[1mScanning dependencies of target sensor_msgs_generate_messages_py[0m
[  0%] Built target sensor_msgs_generate_messages_py
[35m[1mScanning dependencies of target sensor_msgs_generate_messages_nodejs[0m
[  0%] Built target sensor_msgs_generate_messages_nodejs
[35m[1mScanning dependencies of target sensor_msgs_generate_messages_lisp[0m
[  0%] Built target sensor_msgs_generate_messages_lisp
[35m[1mScanning dependencies of target sensor_msgs_generate_messages_cpp[0m
[  0%] Built target sensor_msgs_generate_messages_cpp
[35m[1mScanning dependencies of target rosgraph_msgs_generate_messages_eus[0m
[  0%] Built target rosgraph_msgs_generate_messages_eus
[35m[1mScanning dependencies of target roscpp_generate_messages_nodejs[0m
[  0%] Built target roscpp_generate_messages_nodejs
[35m[1mScanning dependencies of target std_msgs_generate_messages_eus[0m
[  0%] Built target std_msgs_generate_messages_eus
[35m[1mScanning dependencies of target xarm_msgs_generate_messages_cpp[0m
[  0%] Built target xarm_msgs_generate_messages_cpp
[35m[1mScanning dependencies of target roscpp_generate_messages_eus[0m
[  0%] Built target roscpp_generate_messages_eus
[35m[1mScanning dependencies of target sensor_msgs_generate_messages_eus[0m
[  0%] Built target sensor_msgs_generate_messages_eus
[35m[1mScanning dependencies of target roscpp_generate_messages_cpp[0m
[  0%] Built target roscpp_generate_messages_cpp
[35m[1mScanning dependencies of target roscpp_generate_messages_py[0m
[  0%] Built target roscpp_generate_messages_py
[35m[1mScanning dependencies of target rosgraph_msgs_generate_messages_py[0m
[  0%] Built target rosgraph_msgs_generate_messages_py
[35m[1mScanning dependencies of target xarm_msgs_generate_messages_eus[0m
[  0%] Built target xarm_msgs_generate_messages_eus
[35m[1mScanning dependencies of target rosgraph_msgs_generate_messages_lisp[0m
[  0%] Built target rosgraph_msgs_generate_messages_lisp
[35m[1mScanning dependencies of target std_msgs_generate_messages_lisp[0m
[  0%] Built target std_msgs_generate_messages_lisp
[35m[1mScanning dependencies of target roscpp_generate_messages_lisp[0m
[  0%] Built target roscpp_generate_messages_lisp
[35m[1mScanning dependencies of target xarm_msgs_generate_messages_nodejs[0m
[  0%] Built target xarm_msgs_generate_messages_nodejs
[35m[1mScanning dependencies of target rosgraph_msgs_generate_messages_nodejs[0m
[  0%] Built target rosgraph_msgs_generate_messages_nodejs
[35m[1mScanning dependencies of target std_srvs_generate_messages_cpp[0m
[  0%] Built target std_srvs_generate_messages_cpp
[35m[1mScanning dependencies of target std_msgs_generate_messages_cpp[0m
[  0%] Built target std_msgs_generate_messages_cpp
[35m[1mScanning dependencies of target geometry_msgs_generate_messages_eus[0m
[  0%] Built target geometry_msgs_generate_messages_eus
[35m[1mScanning dependencies of target xarm_msgs_generate_messages_py[0m
[  0%] Built target xarm_msgs_generate_messages_py
[35m[1mScanning dependencies of target std_msgs_generate_messages_nodejs[0m
[  0%] Built target std_msgs_generate_messages_nodejs
[35m[1mScanning dependencies of target std_msgs_generate_messages_py[0m
[  0%] Built target std_msgs_generate_messages_py
[35m[1mScanning dependencies of target std_srvs_generate_messages_eus[0m
[  0%] Built target std_srvs_generate_messages_eus
[35m[1mScanning dependencies of target std_srvs_generate_messages_lisp[0m
[  0%] Built target std_srvs_generate_messages_lisp
[35m[1mScanning dependencies of target std_srvs_generate_messages_nodejs[0m
[  0%] Built target std_srvs_generate_messages_nodejs
[35m[1mScanning dependencies of target rosgraph_msgs_generate_messages_cpp[0m
[  0%] Built target rosgraph_msgs_generate_messages_cpp
[35m[1mScanning dependencies of target std_srvs_generate_messages_py[0m
[  0%] Built target std_srvs_generate_messages_py
[35m[1mScanning dependencies of target xarm_ros_client[0m
[  3%] [32mBuilding CXX object CMakeFiles/xarm_ros_client.dir/src/xarm_ros_client.cpp.o[0m
[  7%] [32m[1mLinking CXX shared library /home/ubuntu/interbotix_ws/devel/.private/xarm_api/lib/libxarm_ros_client.so[0m
[  7%] Built target xarm_ros_client
[35m[1mScanning dependencies of target xarm_api[0m
[ 11%] [32mBuilding CXX object CMakeFiles/xarm_api.dir/src/xarm/connect.cc.o[0m
[ 15%] [32mBuilding CXX object CMakeFiles/xarm_api.dir/src/xarm/report_data.cc.o[0m
[ 19%] [32mBuilding CXX object CMakeFiles/xarm_api.dir/src/xarm/common/crc16.cc.o[0m
[ 23%] [32mBuilding CXX object CMakeFiles/xarm_api.dir/src/xarm/common/queue_memcpy.cc.o[0m
[ 26%] [32mBuilding CXX object CMakeFiles/xarm_api.dir/src/xarm/debug/debug_print.cc.o[0m
[ 30%] [32mBuilding CXX object CMakeFiles/xarm_api.dir/src/xarm/instruction/uxbus_cmd.cc.o[0m
[ 34%] [32mBuilding CXX object CMakeFiles/xarm_api.dir/src/xarm/instruction/uxbus_cmd_ser.cc.o[0m
[ 38%] [32mBuilding CXX object CMakeFiles/xarm_api.dir/src/xarm/instruction/uxbus_cmd_tcp.cc.o[0m
[ 42%] [32mBuilding CXX object CMakeFiles/xarm_api.dir/src/xarm/linux/network.cc.o[0m
[ 46%] [32mBuilding CXX object CMakeFiles/xarm_api.dir/src/xarm/linux/thread.cc.o[0m
[ 50%] [32mBuilding CXX object CMakeFiles/xarm_api.dir/src/xarm/port/serial.cc.o[0m
[ 53%] [32mBuilding CXX object CMakeFiles/xarm_api.dir/src/xarm/port/socket.cc.o[0m
[ 57%] [32m[1mLinking CXX shared library /home/ubuntu/interbotix_ws/devel/.private/xarm_api/lib/libxarm_api.so[0m
[ 57%] Built target xarm_api
[35m[1mScanning dependencies of target xarm_driver_node[0m
[ 61%] [32mBuilding CXX object CMakeFiles/xarm_driver_node.dir/src/xarm_driver_node.cpp.o[0m
[ 65%] [32mBuilding CXX object CMakeFiles/xarm_driver_node.dir/src/xarm_driver.cpp.o[0m
[35m[1mScanning dependencies of target test_tool_modbus[0m
[ 69%] [32mBuilding CXX object CMakeFiles/test_tool_modbus.dir/test/test_tool_modbus.cpp.o[0m
[ 73%] [32m[1mLinking CXX executable /home/ubuntu/interbotix_ws/devel/.private/xarm_api/lib/xarm_api/xarm_driver_node[0m
[ 73%] Built target xarm_driver_node
[35m[1mScanning dependencies of target move_test[0m
[ 76%] [32mBuilding CXX object CMakeFiles/move_test.dir/test/move_test.cpp.o[0m
[ 80%] [32m[1mLinking CXX executable /home/ubuntu/interbotix_ws/devel/.private/xarm_api/lib/xarm_api/test_tool_modbus[0m
[ 80%] Built target test_tool_modbus
[35m[1mScanning dependencies of target servo_cart_test[0m
[ 84%] [32mBuilding CXX object CMakeFiles/servo_cart_test.dir/test/servo_cartesian_test.cpp.o[0m
[ 88%] [32m[1mLinking CXX executable /home/ubuntu/interbotix_ws/devel/.private/xarm_api/lib/xarm_api/move_test[0m
[ 88%] Built target move_test
[35m[1mScanning dependencies of target example1_report_norm_node[0m
[ 92%] [32mBuilding CXX object CMakeFiles/example1_report_norm_node.dir/test/example1_report_norm.cc.o[0m
[ 96%] [32m[1mLinking CXX executable /home/ubuntu/interbotix_ws/devel/.private/xarm_api/lib/xarm_api/example1_report_norm_node[0m
[100%] [32m[1mLinking CXX executable /home/ubuntu/interbotix_ws/devel/.private/xarm_api/lib/xarm_api/servo_cart_test[0m
[100%] Built target example1_report_norm_node
[100%] Built target servo_cart_test
