[35m[1mScanning dependencies of target _xarm_msgs_generate_messages_check_deps_ConfigToolModbus[0m
[  0%] Built target _xarm_msgs_generate_messages_check_deps_ConfigToolModbus
[35m[1mScanning dependencies of target _xarm_msgs_generate_messages_check_deps_GetControllerDigitalIO[0m
[  0%] Built target _xarm_msgs_generate_messages_check_deps_GetControllerDigitalIO
[35m[1mScanning dependencies of target std_msgs_generate_messages_eus[0m
[  0%] Built target std_msgs_generate_messages_eus
[35m[1mScanning dependencies of target _xarm_msgs_generate_messages_check_deps_RobotMsg[0m
[  0%] Built target _xarm_msgs_generate_messages_check_deps_RobotMsg
[35m[1mScanning dependencies of target _xarm_msgs_generate_messages_check_deps_GetErr[0m
[  0%] Built target _xarm_msgs_generate_messages_check_deps_GetErr
[35m[1mScanning dependencies of target _xarm_msgs_generate_messages_check_deps_SetAxis[0m
[  0%] Built target _xarm_msgs_generate_messages_check_deps_SetAxis
[35m[1mScanning dependencies of target _xarm_msgs_generate_messages_check_deps_GetDigitalIO[0m
[  0%] Built target _xarm_msgs_generate_messages_check_deps_GetDigitalIO
[35m[1mScanning dependencies of target _xarm_msgs_generate_messages_check_deps_TCPOffset[0m
[  0%] Built target _xarm_msgs_generate_messages_check_deps_TCPOffset
[35m[1mScanning dependencies of target _xarm_msgs_generate_messages_check_deps_IOState[0m
[  0%] Built target _xarm_msgs_generate_messages_check_deps_IOState
[35m[1mScanning dependencies of target _xarm_msgs_generate_messages_check_deps_GripperState[0m
[  0%] Built target _xarm_msgs_generate_messages_check_deps_GripperState
[35m[1mScanning dependencies of target _xarm_msgs_generate_messages_check_deps_SetInt16[0m
[  0%] Built target _xarm_msgs_generate_messages_check_deps_SetInt16
[35m[1mScanning dependencies of target _xarm_msgs_generate_messages_check_deps_ClearErr[0m
[  0%] Built target _xarm_msgs_generate_messages_check_deps_ClearErr
[35m[1mScanning dependencies of target _xarm_msgs_generate_messages_check_deps_GripperMove[0m
[  0%] Built target _xarm_msgs_generate_messages_check_deps_GripperMove
[35m[1mScanning dependencies of target _xarm_msgs_generate_messages_check_deps_GetAnalogIO[0m
[  0%] Built target _xarm_msgs_generate_messages_check_deps_GetAnalogIO
[35m[1mScanning dependencies of target _xarm_msgs_generate_messages_check_deps_Move[0m
[  0%] Built target _xarm_msgs_generate_messages_check_deps_Move
[35m[1mScanning dependencies of target _xarm_msgs_generate_messages_check_deps_GripperConfig[0m
[  0%] Built target _xarm_msgs_generate_messages_check_deps_GripperConfig
[35m[1mScanning dependencies of target _xarm_msgs_generate_messages_check_deps_SetLoad[0m
[  0%] Built target _xarm_msgs_generate_messages_check_deps_SetLoad
[35m[1mScanning dependencies of target _xarm_msgs_generate_messages_check_deps_SetToolModbus[0m
[  0%] Built target _xarm_msgs_generate_messages_check_deps_SetToolModbus
[35m[1mScanning dependencies of target _xarm_msgs_generate_messages_check_deps_SetDigitalIO[0m
[  0%] Built target _xarm_msgs_generate_messages_check_deps_SetDigitalIO
[35m[1mScanning dependencies of target std_msgs_generate_messages_lisp[0m
[  0%] Built target std_msgs_generate_messages_lisp
[35m[1mScanning dependencies of target std_msgs_generate_messages_cpp[0m
[  0%] Built target std_msgs_generate_messages_cpp
[35m[1mScanning dependencies of target std_msgs_generate_messages_py[0m
[  0%] Built target std_msgs_generate_messages_py
[35m[1mScanning dependencies of target std_msgs_generate_messages_nodejs[0m
[  0%] Built target std_msgs_generate_messages_nodejs
[35m[1mScanning dependencies of target xarm_msgs_generate_messages_eus[0m
[  1%] [34m[1mGenerating EusLisp code from xarm_msgs/RobotMsg.msg[0m
[  2%] [34m[1mGenerating EusLisp code from xarm_msgs/IOState.msg[0m
[  3%] [34m[1mGenerating EusLisp code from xarm_msgs/Move.srv[0m
[  4%] [34m[1mGenerating EusLisp code from xarm_msgs/SetAxis.srv[0m
[  5%] [34m[1mGenerating EusLisp code from xarm_msgs/SetInt16.srv[0m
[  6%] [34m[1mGenerating EusLisp code from xarm_msgs/TCPOffset.srv[0m
[  7%] [34m[1mGenerating EusLisp code from xarm_msgs/SetDigitalIO.srv[0m
[  8%] [34m[1mGenerating EusLisp code from xarm_msgs/GetDigitalIO.srv[0m
[  9%] [34m[1mGenerating EusLisp code from xarm_msgs/GetAnalogIO.srv[0m
[ 10%] [34m[1mGenerating EusLisp code from xarm_msgs/ClearErr.srv[0m
[ 11%] [34m[1mGenerating EusLisp code from xarm_msgs/GetErr.srv[0m
[ 12%] [34m[1mGenerating EusLisp code from xarm_msgs/GripperConfig.srv[0m
[ 13%] [34m[1mGenerating EusLisp code from xarm_msgs/GripperMove.srv[0m
[ 15%] [34m[1mGenerating EusLisp code from xarm_msgs/GripperState.srv[0m
[ 16%] [34m[1mGenerating EusLisp code from xarm_msgs/SetLoad.srv[0m
[ 17%] [34m[1mGenerating EusLisp code from xarm_msgs/SetToolModbus.srv[0m
[ 18%] [34m[1mGenerating EusLisp code from xarm_msgs/ConfigToolModbus.srv[0m
[ 19%] [34m[1mGenerating EusLisp code from xarm_msgs/GetControllerDigitalIO.srv[0m
[ 20%] [34m[1mGenerating EusLisp manifest code for xarm_msgs[0m
[35m[1mScanning dependencies of target xarm_msgs_generate_messages_lisp[0m
[ 21%] [34m[1mGenerating Lisp code from xarm_msgs/RobotMsg.msg[0m
[ 22%] [34m[1mGenerating Lisp code from xarm_msgs/IOState.msg[0m
[ 23%] [34m[1mGenerating Lisp code from xarm_msgs/Move.srv[0m
[ 24%] [34m[1mGenerating Lisp code from xarm_msgs/SetAxis.srv[0m
[ 25%] [34m[1mGenerating Lisp code from xarm_msgs/SetInt16.srv[0m
[ 26%] [34m[1mGenerating Lisp code from xarm_msgs/TCPOffset.srv[0m
[ 27%] [34m[1mGenerating Lisp code from xarm_msgs/SetDigitalIO.srv[0m
[ 29%] [34m[1mGenerating Lisp code from xarm_msgs/GetDigitalIO.srv[0m
[ 30%] [34m[1mGenerating Lisp code from xarm_msgs/GetAnalogIO.srv[0m
[ 30%] Built target xarm_msgs_generate_messages_eus
[ 31%] [34m[1mGenerating Lisp code from xarm_msgs/ClearErr.srv[0m
[ 32%] [34m[1mGenerating Lisp code from xarm_msgs/GetErr.srv[0m
[35m[1mScanning dependencies of target xarm_msgs_generate_messages_cpp[0m
[ 33%] [34m[1mGenerating Lisp code from xarm_msgs/GripperConfig.srv[0m
[ 34%] [34m[1mGenerating C++ code from xarm_msgs/RobotMsg.msg[0m
[ 35%] [34m[1mGenerating Lisp code from xarm_msgs/GripperMove.srv[0m
[ 36%] [34m[1mGenerating C++ code from xarm_msgs/IOState.msg[0m
[ 37%] [34m[1mGenerating Lisp code from xarm_msgs/GripperState.srv[0m
[ 38%] [34m[1mGenerating Lisp code from xarm_msgs/SetLoad.srv[0m
[ 39%] [34m[1mGenerating C++ code from xarm_msgs/Move.srv[0m
[ 40%] [34m[1mGenerating Lisp code from xarm_msgs/SetToolModbus.srv[0m
[ 41%] [34m[1mGenerating Lisp code from xarm_msgs/ConfigToolModbus.srv[0m
[ 43%] [34m[1mGenerating C++ code from xarm_msgs/SetAxis.srv[0m
[ 44%] [34m[1mGenerating Lisp code from xarm_msgs/GetControllerDigitalIO.srv[0m
[ 44%] Built target xarm_msgs_generate_messages_lisp
[35m[1mScanning dependencies of target xarm_msgs_generate_messages_py[0m
[ 45%] [34m[1mGenerating Python from MSG xarm_msgs/RobotMsg[0m
[ 46%] [34m[1mGenerating C++ code from xarm_msgs/SetInt16.srv[0m
[ 47%] [34m[1mGenerating Python from MSG xarm_msgs/IOState[0m
[ 48%] [34m[1mGenerating C++ code from xarm_msgs/TCPOffset.srv[0m
[ 49%] [34m[1mGenerating C++ code from xarm_msgs/SetDigitalIO.srv[0m
[ 50%] [34m[1mGenerating Python code from SRV xarm_msgs/Move[0m
[ 51%] [34m[1mGenerating C++ code from xarm_msgs/GetDigitalIO.srv[0m
[ 52%] [34m[1mGenerating Python code from SRV xarm_msgs/SetAxis[0m
[ 53%] [34m[1mGenerating C++ code from xarm_msgs/GetAnalogIO.srv[0m
[ 54%] [34m[1mGenerating Python code from SRV xarm_msgs/SetInt16[0m
[ 55%] [34m[1mGenerating C++ code from xarm_msgs/ClearErr.srv[0m
[ 56%] [34m[1mGenerating C++ code from xarm_msgs/GetErr.srv[0m
[ 58%] [34m[1mGenerating Python code from SRV xarm_msgs/TCPOffset[0m
[ 59%] [34m[1mGenerating C++ code from xarm_msgs/GripperConfig.srv[0m
[ 60%] [34m[1mGenerating C++ code from xarm_msgs/GripperMove.srv[0m
[ 61%] [34m[1mGenerating Python code from SRV xarm_msgs/SetDigitalIO[0m
[ 62%] [34m[1mGenerating C++ code from xarm_msgs/GripperState.srv[0m
[ 63%] [34m[1mGenerating Python code from SRV xarm_msgs/GetDigitalIO[0m
[ 64%] [34m[1mGenerating Python code from SRV xarm_msgs/GetAnalogIO[0m
[ 65%] [34m[1mGenerating C++ code from xarm_msgs/SetLoad.srv[0m
[ 66%] [34m[1mGenerating Python code from SRV xarm_msgs/ClearErr[0m
[ 67%] [34m[1mGenerating Python code from SRV xarm_msgs/GetErr[0m
[ 68%] [34m[1mGenerating C++ code from xarm_msgs/SetToolModbus.srv[0m
[ 69%] [34m[1mGenerating Python code from SRV xarm_msgs/GripperConfig[0m
[ 70%] [34m[1mGenerating Python code from SRV xarm_msgs/GripperMove[0m
[ 72%] [34m[1mGenerating C++ code from xarm_msgs/ConfigToolModbus.srv[0m
[ 73%] [34m[1mGenerating Python code from SRV xarm_msgs/GripperState[0m
[ 74%] [34m[1mGenerating Python code from SRV xarm_msgs/SetLoad[0m
[ 75%] [34m[1mGenerating C++ code from xarm_msgs/GetControllerDigitalIO.srv[0m
[ 76%] [34m[1mGenerating Python code from SRV xarm_msgs/SetToolModbus[0m
[ 77%] [34m[1mGenerating Python code from SRV xarm_msgs/ConfigToolModbus[0m
[ 77%] Built target xarm_msgs_generate_messages_cpp
[ 78%] [34m[1mGenerating Python code from SRV xarm_msgs/GetControllerDigitalIO[0m
[35m[1mScanning dependencies of target xarm_msgs_generate_messages_nodejs[0m
[ 79%] [34m[1mGenerating Javascript code from xarm_msgs/RobotMsg.msg[0m
[ 80%] [34m[1mGenerating Javascript code from xarm_msgs/IOState.msg[0m
[ 81%] [34m[1mGenerating Javascript code from xarm_msgs/Move.srv[0m
[ 82%] [34m[1mGenerating Python msg __init__.py for xarm_msgs[0m
[ 83%] [34m[1mGenerating Javascript code from xarm_msgs/SetAxis.srv[0m
[ 84%] [34m[1mGenerating Javascript code from xarm_msgs/SetInt16.srv[0m
[ 86%] [34m[1mGenerating Python srv __init__.py for xarm_msgs[0m
[ 87%] [34m[1mGenerating Javascript code from xarm_msgs/TCPOffset.srv[0m
[ 88%] [34m[1mGenerating Javascript code from xarm_msgs/SetDigitalIO.srv[0m
[ 89%] [34m[1mGenerating Javascript code from xarm_msgs/GetDigitalIO.srv[0m
[ 90%] [34m[1mGenerating Javascript code from xarm_msgs/GetAnalogIO.srv[0m
[ 91%] [34m[1mGenerating Javascript code from xarm_msgs/ClearErr.srv[0m
[ 91%] Built target xarm_msgs_generate_messages_py
[ 92%] [34m[1mGenerating Javascript code from xarm_msgs/GetErr.srv[0m
[ 93%] [34m[1mGenerating Javascript code from xarm_msgs/GripperConfig.srv[0m
[ 94%] [34m[1mGenerating Javascript code from xarm_msgs/GripperMove.srv[0m
[ 95%] [34m[1mGenerating Javascript code from xarm_msgs/GripperState.srv[0m
[ 96%] [34m[1mGenerating Javascript code from xarm_msgs/SetLoad.srv[0m
[ 97%] [34m[1mGenerating Javascript code from xarm_msgs/SetToolModbus.srv[0m
[ 98%] [34m[1mGenerating Javascript code from xarm_msgs/ConfigToolModbus.srv[0m
[100%] [34m[1mGenerating Javascript code from xarm_msgs/GetControllerDigitalIO.srv[0m
[100%] Built target xarm_msgs_generate_messages_nodejs
[35m[1mScanning dependencies of target xarm_msgs_generate_messages[0m
[100%] Built target xarm_msgs_generate_messages
