Linked: (/home/ubuntu/interbotix_ws/devel/.private/xarm_msgs/lib/pkgconfig/xarm_msgs.pc, /home/ubuntu/interbotix_ws/devel/lib/pkgconfig/xarm_msgs.pc)
Linked: (/home/ubuntu/interbotix_ws/devel/.private/xarm_msgs/lib/python3/dist-packages/xarm_msgs/__init__.py, /home/ubuntu/interbotix_ws/devel/lib/python3/dist-packages/xarm_msgs/__init__.py)
Linked: (/home/ubuntu/interbotix_ws/devel/.private/xarm_msgs/lib/python3/dist-packages/xarm_msgs/msg/_IOState.py, /home/ubuntu/interbotix_ws/devel/lib/python3/dist-packages/xarm_msgs/msg/_IOState.py)
Linked: (/home/ubuntu/interbotix_ws/devel/.private/xarm_msgs/lib/python3/dist-packages/xarm_msgs/msg/_RobotMsg.py, /home/ubuntu/interbotix_ws/devel/lib/python3/dist-packages/xarm_msgs/msg/_RobotMsg.py)
Linked: (/home/ubuntu/interbotix_ws/devel/.private/xarm_msgs/lib/python3/dist-packages/xarm_msgs/msg/__init__.py, /home/ubuntu/interbotix_ws/devel/lib/python3/dist-packages/xarm_msgs/msg/__init__.py)
Linked: (/home/ubuntu/interbotix_ws/devel/.private/xarm_msgs/lib/python3/dist-packages/xarm_msgs/srv/_SetAxis.py, /home/ubuntu/interbotix_ws/devel/lib/python3/dist-packages/xarm_msgs/srv/_SetAxis.py)
Linked: (/home/ubuntu/interbotix_ws/devel/.private/xarm_msgs/lib/python3/dist-packages/xarm_msgs/srv/_SetLoad.py, /home/ubuntu/interbotix_ws/devel/lib/python3/dist-packages/xarm_msgs/srv/_SetLoad.py)
Linked: (/home/ubuntu/interbotix_ws/devel/.private/xarm_msgs/lib/python3/dist-packages/xarm_msgs/srv/_GripperMove.py, /home/ubuntu/interbotix_ws/devel/lib/python3/dist-packages/xarm_msgs/srv/_GripperMove.py)
Linked: (/home/ubuntu/interbotix_ws/devel/.private/xarm_msgs/lib/python3/dist-packages/xarm_msgs/srv/_SetInt16.py, /home/ubuntu/interbotix_ws/devel/lib/python3/dist-packages/xarm_msgs/srv/_SetInt16.py)
Linked: (/home/ubuntu/interbotix_ws/devel/.private/xarm_msgs/lib/python3/dist-packages/xarm_msgs/srv/_SetDigitalIO.py, /home/ubuntu/interbotix_ws/devel/lib/python3/dist-packages/xarm_msgs/srv/_SetDigitalIO.py)
Linked: (/home/ubuntu/interbotix_ws/devel/.private/xarm_msgs/lib/python3/dist-packages/xarm_msgs/srv/_GetErr.py, /home/ubuntu/interbotix_ws/devel/lib/python3/dist-packages/xarm_msgs/srv/_GetErr.py)
Linked: (/home/ubuntu/interbotix_ws/devel/.private/xarm_msgs/lib/python3/dist-packages/xarm_msgs/srv/_TCPOffset.py, /home/ubuntu/interbotix_ws/devel/lib/python3/dist-packages/xarm_msgs/srv/_TCPOffset.py)
Linked: (/home/ubuntu/interbotix_ws/devel/.private/xarm_msgs/lib/python3/dist-packages/xarm_msgs/srv/_ConfigToolModbus.py, /home/ubuntu/interbotix_ws/devel/lib/python3/dist-packages/xarm_msgs/srv/_ConfigToolModbus.py)
Linked: (/home/ubuntu/interbotix_ws/devel/.private/xarm_msgs/lib/python3/dist-packages/xarm_msgs/srv/_ClearErr.py, /home/ubuntu/interbotix_ws/devel/lib/python3/dist-packages/xarm_msgs/srv/_ClearErr.py)
Linked: (/home/ubuntu/interbotix_ws/devel/.private/xarm_msgs/lib/python3/dist-packages/xarm_msgs/srv/_SetToolModbus.py, /home/ubuntu/interbotix_ws/devel/lib/python3/dist-packages/xarm_msgs/srv/_SetToolModbus.py)
Linked: (/home/ubuntu/interbotix_ws/devel/.private/xarm_msgs/lib/python3/dist-packages/xarm_msgs/srv/_GetAnalogIO.py, /home/ubuntu/interbotix_ws/devel/lib/python3/dist-packages/xarm_msgs/srv/_GetAnalogIO.py)
Linked: (/home/ubuntu/interbotix_ws/devel/.private/xarm_msgs/lib/python3/dist-packages/xarm_msgs/srv/_Move.py, /home/ubuntu/interbotix_ws/devel/lib/python3/dist-packages/xarm_msgs/srv/_Move.py)
Linked: (/home/ubuntu/interbotix_ws/devel/.private/xarm_msgs/lib/python3/dist-packages/xarm_msgs/srv/_GripperConfig.py, /home/ubuntu/interbotix_ws/devel/lib/python3/dist-packages/xarm_msgs/srv/_GripperConfig.py)
Linked: (/home/ubuntu/interbotix_ws/devel/.private/xarm_msgs/lib/python3/dist-packages/xarm_msgs/srv/_GetControllerDigitalIO.py, /home/ubuntu/interbotix_ws/devel/lib/python3/dist-packages/xarm_msgs/srv/_GetControllerDigitalIO.py)
Linked: (/home/ubuntu/interbotix_ws/devel/.private/xarm_msgs/lib/python3/dist-packages/xarm_msgs/srv/_GripperState.py, /home/ubuntu/interbotix_ws/devel/lib/python3/dist-packages/xarm_msgs/srv/_GripperState.py)
Linked: (/home/ubuntu/interbotix_ws/devel/.private/xarm_msgs/lib/python3/dist-packages/xarm_msgs/srv/_GetDigitalIO.py, /home/ubuntu/interbotix_ws/devel/lib/python3/dist-packages/xarm_msgs/srv/_GetDigitalIO.py)
Linked: (/home/ubuntu/interbotix_ws/devel/.private/xarm_msgs/lib/python3/dist-packages/xarm_msgs/srv/__init__.py, /home/ubuntu/interbotix_ws/devel/lib/python3/dist-packages/xarm_msgs/srv/__init__.py)
Linked: (/home/ubuntu/interbotix_ws/devel/.private/xarm_msgs/share/common-lisp/ros/xarm_msgs/msg/_package.lisp, /home/ubuntu/interbotix_ws/devel/share/common-lisp/ros/xarm_msgs/msg/_package.lisp)
Linked: (/home/ubuntu/interbotix_ws/devel/.private/xarm_msgs/share/common-lisp/ros/xarm_msgs/msg/_package_IOState.lisp, /home/ubuntu/interbotix_ws/devel/share/common-lisp/ros/xarm_msgs/msg/_package_IOState.lisp)
Linked: (/home/ubuntu/interbotix_ws/devel/.private/xarm_msgs/share/common-lisp/ros/xarm_msgs/msg/IOState.lisp, /home/ubuntu/interbotix_ws/devel/share/common-lisp/ros/xarm_msgs/msg/IOState.lisp)
Linked: (/home/ubuntu/interbotix_ws/devel/.private/xarm_msgs/share/common-lisp/ros/xarm_msgs/msg/_package_RobotMsg.lisp, /home/ubuntu/interbotix_ws/devel/share/common-lisp/ros/xarm_msgs/msg/_package_RobotMsg.lisp)
Linked: (/home/ubuntu/interbotix_ws/devel/.private/xarm_msgs/share/common-lisp/ros/xarm_msgs/msg/xarm_msgs-msg.asd, /home/ubuntu/interbotix_ws/devel/share/common-lisp/ros/xarm_msgs/msg/xarm_msgs-msg.asd)
Linked: (/home/ubuntu/interbotix_ws/devel/.private/xarm_msgs/share/common-lisp/ros/xarm_msgs/msg/RobotMsg.lisp, /home/ubuntu/interbotix_ws/devel/share/common-lisp/ros/xarm_msgs/msg/RobotMsg.lisp)
Linked: (/home/ubuntu/interbotix_ws/devel/.private/xarm_msgs/share/common-lisp/ros/xarm_msgs/srv/SetLoad.lisp, /home/ubuntu/interbotix_ws/devel/share/common-lisp/ros/xarm_msgs/srv/SetLoad.lisp)
Linked: (/home/ubuntu/interbotix_ws/devel/.private/xarm_msgs/share/common-lisp/ros/xarm_msgs/srv/_package_TCPOffset.lisp, /home/ubuntu/interbotix_ws/devel/share/common-lisp/ros/xarm_msgs/srv/_package_TCPOffset.lisp)
Linked: (/home/ubuntu/interbotix_ws/devel/.private/xarm_msgs/share/common-lisp/ros/xarm_msgs/srv/_package.lisp, /home/ubuntu/interbotix_ws/devel/share/common-lisp/ros/xarm_msgs/srv/_package.lisp)
Linked: (/home/ubuntu/interbotix_ws/devel/.private/xarm_msgs/share/common-lisp/ros/xarm_msgs/srv/GripperMove.lisp, /home/ubuntu/interbotix_ws/devel/share/common-lisp/ros/xarm_msgs/srv/GripperMove.lisp)
Linked: (/home/ubuntu/interbotix_ws/devel/.private/xarm_msgs/share/common-lisp/ros/xarm_msgs/srv/_package_GripperConfig.lisp, /home/ubuntu/interbotix_ws/devel/share/common-lisp/ros/xarm_msgs/srv/_package_GripperConfig.lisp)
Linked: (/home/ubuntu/interbotix_ws/devel/.private/xarm_msgs/share/common-lisp/ros/xarm_msgs/srv/SetToolModbus.lisp, /home/ubuntu/interbotix_ws/devel/share/common-lisp/ros/xarm_msgs/srv/SetToolModbus.lisp)
Linked: (/home/ubuntu/interbotix_ws/devel/.private/xarm_msgs/share/common-lisp/ros/xarm_msgs/srv/GripperConfig.lisp, /home/ubuntu/interbotix_ws/devel/share/common-lisp/ros/xarm_msgs/srv/GripperConfig.lisp)
Linked: (/home/ubuntu/interbotix_ws/devel/.private/xarm_msgs/share/common-lisp/ros/xarm_msgs/srv/_package_GripperState.lisp, /home/ubuntu/interbotix_ws/devel/share/common-lisp/ros/xarm_msgs/srv/_package_GripperState.lisp)
Linked: (/home/ubuntu/interbotix_ws/devel/.private/xarm_msgs/share/common-lisp/ros/xarm_msgs/srv/TCPOffset.lisp, /home/ubuntu/interbotix_ws/devel/share/common-lisp/ros/xarm_msgs/srv/TCPOffset.lisp)
Linked: (/home/ubuntu/interbotix_ws/devel/.private/xarm_msgs/share/common-lisp/ros/xarm_msgs/srv/_package_SetToolModbus.lisp, /home/ubuntu/interbotix_ws/devel/share/common-lisp/ros/xarm_msgs/srv/_package_SetToolModbus.lisp)
Linked: (/home/ubuntu/interbotix_ws/devel/.private/xarm_msgs/share/common-lisp/ros/xarm_msgs/srv/GripperState.lisp, /home/ubuntu/interbotix_ws/devel/share/common-lisp/ros/xarm_msgs/srv/GripperState.lisp)
Linked: (/home/ubuntu/interbotix_ws/devel/.private/xarm_msgs/share/common-lisp/ros/xarm_msgs/srv/Move.lisp, /home/ubuntu/interbotix_ws/devel/share/common-lisp/ros/xarm_msgs/srv/Move.lisp)
Linked: (/home/ubuntu/interbotix_ws/devel/.private/xarm_msgs/share/common-lisp/ros/xarm_msgs/srv/SetAxis.lisp, /home/ubuntu/interbotix_ws/devel/share/common-lisp/ros/xarm_msgs/srv/SetAxis.lisp)
Linked: (/home/ubuntu/interbotix_ws/devel/.private/xarm_msgs/share/common-lisp/ros/xarm_msgs/srv/ConfigToolModbus.lisp, /home/ubuntu/interbotix_ws/devel/share/common-lisp/ros/xarm_msgs/srv/ConfigToolModbus.lisp)
Linked: (/home/ubuntu/interbotix_ws/devel/.private/xarm_msgs/share/common-lisp/ros/xarm_msgs/srv/_package_GetControllerDigitalIO.lisp, /home/ubuntu/interbotix_ws/devel/share/common-lisp/ros/xarm_msgs/srv/_package_GetControllerDigitalIO.lisp)
Linked: (/home/ubuntu/interbotix_ws/devel/.private/xarm_msgs/share/common-lisp/ros/xarm_msgs/srv/SetInt16.lisp, /home/ubuntu/interbotix_ws/devel/share/common-lisp/ros/xarm_msgs/srv/SetInt16.lisp)
Linked: (/home/ubuntu/interbotix_ws/devel/.private/xarm_msgs/share/common-lisp/ros/xarm_msgs/srv/_package_ConfigToolModbus.lisp, /home/ubuntu/interbotix_ws/devel/share/common-lisp/ros/xarm_msgs/srv/_package_ConfigToolModbus.lisp)
Linked: (/home/ubuntu/interbotix_ws/devel/.private/xarm_msgs/share/common-lisp/ros/xarm_msgs/srv/GetDigitalIO.lisp, /home/ubuntu/interbotix_ws/devel/share/common-lisp/ros/xarm_msgs/srv/GetDigitalIO.lisp)
Linked: (/home/ubuntu/interbotix_ws/devel/.private/xarm_msgs/share/common-lisp/ros/xarm_msgs/srv/GetControllerDigitalIO.lisp, /home/ubuntu/interbotix_ws/devel/share/common-lisp/ros/xarm_msgs/srv/GetControllerDigitalIO.lisp)
Linked: (/home/ubuntu/interbotix_ws/devel/.private/xarm_msgs/share/common-lisp/ros/xarm_msgs/srv/_package_SetDigitalIO.lisp, /home/ubuntu/interbotix_ws/devel/share/common-lisp/ros/xarm_msgs/srv/_package_SetDigitalIO.lisp)
Linked: (/home/ubuntu/interbotix_ws/devel/.private/xarm_msgs/share/common-lisp/ros/xarm_msgs/srv/GetErr.lisp, /home/ubuntu/interbotix_ws/devel/share/common-lisp/ros/xarm_msgs/srv/GetErr.lisp)
Linked: (/home/ubuntu/interbotix_ws/devel/.private/xarm_msgs/share/common-lisp/ros/xarm_msgs/srv/_package_SetAxis.lisp, /home/ubuntu/interbotix_ws/devel/share/common-lisp/ros/xarm_msgs/srv/_package_SetAxis.lisp)
Linked: (/home/ubuntu/interbotix_ws/devel/.private/xarm_msgs/share/common-lisp/ros/xarm_msgs/srv/_package_GripperMove.lisp, /home/ubuntu/interbotix_ws/devel/share/common-lisp/ros/xarm_msgs/srv/_package_GripperMove.lisp)
Linked: (/home/ubuntu/interbotix_ws/devel/.private/xarm_msgs/share/common-lisp/ros/xarm_msgs/srv/_package_GetDigitalIO.lisp, /home/ubuntu/interbotix_ws/devel/share/common-lisp/ros/xarm_msgs/srv/_package_GetDigitalIO.lisp)
Linked: (/home/ubuntu/interbotix_ws/devel/.private/xarm_msgs/share/common-lisp/ros/xarm_msgs/srv/xarm_msgs-srv.asd, /home/ubuntu/interbotix_ws/devel/share/common-lisp/ros/xarm_msgs/srv/xarm_msgs-srv.asd)
Linked: (/home/ubuntu/interbotix_ws/devel/.private/xarm_msgs/share/common-lisp/ros/xarm_msgs/srv/_package_GetErr.lisp, /home/ubuntu/interbotix_ws/devel/share/common-lisp/ros/xarm_msgs/srv/_package_GetErr.lisp)
Linked: (/home/ubuntu/interbotix_ws/devel/.private/xarm_msgs/share/common-lisp/ros/xarm_msgs/srv/SetDigitalIO.lisp, /home/ubuntu/interbotix_ws/devel/share/common-lisp/ros/xarm_msgs/srv/SetDigitalIO.lisp)
Linked: (/home/ubuntu/interbotix_ws/devel/.private/xarm_msgs/share/common-lisp/ros/xarm_msgs/srv/_package_Move.lisp, /home/ubuntu/interbotix_ws/devel/share/common-lisp/ros/xarm_msgs/srv/_package_Move.lisp)
Linked: (/home/ubuntu/interbotix_ws/devel/.private/xarm_msgs/share/common-lisp/ros/xarm_msgs/srv/GetAnalogIO.lisp, /home/ubuntu/interbotix_ws/devel/share/common-lisp/ros/xarm_msgs/srv/GetAnalogIO.lisp)
Linked: (/home/ubuntu/interbotix_ws/devel/.private/xarm_msgs/share/common-lisp/ros/xarm_msgs/srv/_package_ClearErr.lisp, /home/ubuntu/interbotix_ws/devel/share/common-lisp/ros/xarm_msgs/srv/_package_ClearErr.lisp)
Linked: (/home/ubuntu/interbotix_ws/devel/.private/xarm_msgs/share/common-lisp/ros/xarm_msgs/srv/ClearErr.lisp, /home/ubuntu/interbotix_ws/devel/share/common-lisp/ros/xarm_msgs/srv/ClearErr.lisp)
Linked: (/home/ubuntu/interbotix_ws/devel/.private/xarm_msgs/share/common-lisp/ros/xarm_msgs/srv/_package_SetInt16.lisp, /home/ubuntu/interbotix_ws/devel/share/common-lisp/ros/xarm_msgs/srv/_package_SetInt16.lisp)
Linked: (/home/ubuntu/interbotix_ws/devel/.private/xarm_msgs/share/common-lisp/ros/xarm_msgs/srv/_package_SetLoad.lisp, /home/ubuntu/interbotix_ws/devel/share/common-lisp/ros/xarm_msgs/srv/_package_SetLoad.lisp)
Linked: (/home/ubuntu/interbotix_ws/devel/.private/xarm_msgs/share/common-lisp/ros/xarm_msgs/srv/_package_GetAnalogIO.lisp, /home/ubuntu/interbotix_ws/devel/share/common-lisp/ros/xarm_msgs/srv/_package_GetAnalogIO.lisp)
Linked: (/home/ubuntu/interbotix_ws/devel/.private/xarm_msgs/share/roseus/ros/xarm_msgs/manifest.l, /home/ubuntu/interbotix_ws/devel/share/roseus/ros/xarm_msgs/manifest.l)
Linked: (/home/ubuntu/interbotix_ws/devel/.private/xarm_msgs/share/roseus/ros/xarm_msgs/msg/RobotMsg.l, /home/ubuntu/interbotix_ws/devel/share/roseus/ros/xarm_msgs/msg/RobotMsg.l)
Linked: (/home/ubuntu/interbotix_ws/devel/.private/xarm_msgs/share/roseus/ros/xarm_msgs/msg/IOState.l, /home/ubuntu/interbotix_ws/devel/share/roseus/ros/xarm_msgs/msg/IOState.l)
Linked: (/home/ubuntu/interbotix_ws/devel/.private/xarm_msgs/share/roseus/ros/xarm_msgs/srv/ClearErr.l, /home/ubuntu/interbotix_ws/devel/share/roseus/ros/xarm_msgs/srv/ClearErr.l)
Linked: (/home/ubuntu/interbotix_ws/devel/.private/xarm_msgs/share/roseus/ros/xarm_msgs/srv/GetAnalogIO.l, /home/ubuntu/interbotix_ws/devel/share/roseus/ros/xarm_msgs/srv/GetAnalogIO.l)
Linked: (/home/ubuntu/interbotix_ws/devel/.private/xarm_msgs/share/roseus/ros/xarm_msgs/srv/SetDigitalIO.l, /home/ubuntu/interbotix_ws/devel/share/roseus/ros/xarm_msgs/srv/SetDigitalIO.l)
Linked: (/home/ubuntu/interbotix_ws/devel/.private/xarm_msgs/share/roseus/ros/xarm_msgs/srv/GripperState.l, /home/ubuntu/interbotix_ws/devel/share/roseus/ros/xarm_msgs/srv/GripperState.l)
Linked: (/home/ubuntu/interbotix_ws/devel/.private/xarm_msgs/share/roseus/ros/xarm_msgs/srv/SetLoad.l, /home/ubuntu/interbotix_ws/devel/share/roseus/ros/xarm_msgs/srv/SetLoad.l)
Linked: (/home/ubuntu/interbotix_ws/devel/.private/xarm_msgs/share/roseus/ros/xarm_msgs/srv/ConfigToolModbus.l, /home/ubuntu/interbotix_ws/devel/share/roseus/ros/xarm_msgs/srv/ConfigToolModbus.l)
Linked: (/home/ubuntu/interbotix_ws/devel/.private/xarm_msgs/share/roseus/ros/xarm_msgs/srv/GripperConfig.l, /home/ubuntu/interbotix_ws/devel/share/roseus/ros/xarm_msgs/srv/GripperConfig.l)
Linked: (/home/ubuntu/interbotix_ws/devel/.private/xarm_msgs/share/roseus/ros/xarm_msgs/srv/GetDigitalIO.l, /home/ubuntu/interbotix_ws/devel/share/roseus/ros/xarm_msgs/srv/GetDigitalIO.l)
Linked: (/home/ubuntu/interbotix_ws/devel/.private/xarm_msgs/share/roseus/ros/xarm_msgs/srv/GetControllerDigitalIO.l, /home/ubuntu/interbotix_ws/devel/share/roseus/ros/xarm_msgs/srv/GetControllerDigitalIO.l)
Linked: (/home/ubuntu/interbotix_ws/devel/.private/xarm_msgs/share/roseus/ros/xarm_msgs/srv/GripperMove.l, /home/ubuntu/interbotix_ws/devel/share/roseus/ros/xarm_msgs/srv/GripperMove.l)
Linked: (/home/ubuntu/interbotix_ws/devel/.private/xarm_msgs/share/roseus/ros/xarm_msgs/srv/SetInt16.l, /home/ubuntu/interbotix_ws/devel/share/roseus/ros/xarm_msgs/srv/SetInt16.l)
Linked: (/home/ubuntu/interbotix_ws/devel/.private/xarm_msgs/share/roseus/ros/xarm_msgs/srv/Move.l, /home/ubuntu/interbotix_ws/devel/share/roseus/ros/xarm_msgs/srv/Move.l)
Linked: (/home/ubuntu/interbotix_ws/devel/.private/xarm_msgs/share/roseus/ros/xarm_msgs/srv/SetToolModbus.l, /home/ubuntu/interbotix_ws/devel/share/roseus/ros/xarm_msgs/srv/SetToolModbus.l)
Linked: (/home/ubuntu/interbotix_ws/devel/.private/xarm_msgs/share/roseus/ros/xarm_msgs/srv/GetErr.l, /home/ubuntu/interbotix_ws/devel/share/roseus/ros/xarm_msgs/srv/GetErr.l)
Linked: (/home/ubuntu/interbotix_ws/devel/.private/xarm_msgs/share/roseus/ros/xarm_msgs/srv/SetAxis.l, /home/ubuntu/interbotix_ws/devel/share/roseus/ros/xarm_msgs/srv/SetAxis.l)
Linked: (/home/ubuntu/interbotix_ws/devel/.private/xarm_msgs/share/roseus/ros/xarm_msgs/srv/TCPOffset.l, /home/ubuntu/interbotix_ws/devel/share/roseus/ros/xarm_msgs/srv/TCPOffset.l)
Linked: (/home/ubuntu/interbotix_ws/devel/.private/xarm_msgs/share/gennodejs/ros/xarm_msgs/_index.js, /home/ubuntu/interbotix_ws/devel/share/gennodejs/ros/xarm_msgs/_index.js)
Linked: (/home/ubuntu/interbotix_ws/devel/.private/xarm_msgs/share/gennodejs/ros/xarm_msgs/msg/_index.js, /home/ubuntu/interbotix_ws/devel/share/gennodejs/ros/xarm_msgs/msg/_index.js)
Linked: (/home/ubuntu/interbotix_ws/devel/.private/xarm_msgs/share/gennodejs/ros/xarm_msgs/msg/RobotMsg.js, /home/ubuntu/interbotix_ws/devel/share/gennodejs/ros/xarm_msgs/msg/RobotMsg.js)
Linked: (/home/ubuntu/interbotix_ws/devel/.private/xarm_msgs/share/gennodejs/ros/xarm_msgs/msg/IOState.js, /home/ubuntu/interbotix_ws/devel/share/gennodejs/ros/xarm_msgs/msg/IOState.js)
Linked: (/home/ubuntu/interbotix_ws/devel/.private/xarm_msgs/share/gennodejs/ros/xarm_msgs/srv/SetLoad.js, /home/ubuntu/interbotix_ws/devel/share/gennodejs/ros/xarm_msgs/srv/SetLoad.js)
Linked: (/home/ubuntu/interbotix_ws/devel/.private/xarm_msgs/share/gennodejs/ros/xarm_msgs/srv/_index.js, /home/ubuntu/interbotix_ws/devel/share/gennodejs/ros/xarm_msgs/srv/_index.js)
Linked: (/home/ubuntu/interbotix_ws/devel/.private/xarm_msgs/share/gennodejs/ros/xarm_msgs/srv/Move.js, /home/ubuntu/interbotix_ws/devel/share/gennodejs/ros/xarm_msgs/srv/Move.js)
Linked: (/home/ubuntu/interbotix_ws/devel/.private/xarm_msgs/share/gennodejs/ros/xarm_msgs/srv/GetControllerDigitalIO.js, /home/ubuntu/interbotix_ws/devel/share/gennodejs/ros/xarm_msgs/srv/GetControllerDigitalIO.js)
Linked: (/home/ubuntu/interbotix_ws/devel/.private/xarm_msgs/share/gennodejs/ros/xarm_msgs/srv/GetAnalogIO.js, /home/ubuntu/interbotix_ws/devel/share/gennodejs/ros/xarm_msgs/srv/GetAnalogIO.js)
Linked: (/home/ubuntu/interbotix_ws/devel/.private/xarm_msgs/share/gennodejs/ros/xarm_msgs/srv/GetErr.js, /home/ubuntu/interbotix_ws/devel/share/gennodejs/ros/xarm_msgs/srv/GetErr.js)
Linked: (/home/ubuntu/interbotix_ws/devel/.private/xarm_msgs/share/gennodejs/ros/xarm_msgs/srv/TCPOffset.js, /home/ubuntu/interbotix_ws/devel/share/gennodejs/ros/xarm_msgs/srv/TCPOffset.js)
Linked: (/home/ubuntu/interbotix_ws/devel/.private/xarm_msgs/share/gennodejs/ros/xarm_msgs/srv/SetDigitalIO.js, /home/ubuntu/interbotix_ws/devel/share/gennodejs/ros/xarm_msgs/srv/SetDigitalIO.js)
Linked: (/home/ubuntu/interbotix_ws/devel/.private/xarm_msgs/share/gennodejs/ros/xarm_msgs/srv/GripperState.js, /home/ubuntu/interbotix_ws/devel/share/gennodejs/ros/xarm_msgs/srv/GripperState.js)
Linked: (/home/ubuntu/interbotix_ws/devel/.private/xarm_msgs/share/gennodejs/ros/xarm_msgs/srv/SetInt16.js, /home/ubuntu/interbotix_ws/devel/share/gennodejs/ros/xarm_msgs/srv/SetInt16.js)
Linked: (/home/ubuntu/interbotix_ws/devel/.private/xarm_msgs/share/gennodejs/ros/xarm_msgs/srv/SetToolModbus.js, /home/ubuntu/interbotix_ws/devel/share/gennodejs/ros/xarm_msgs/srv/SetToolModbus.js)
Linked: (/home/ubuntu/interbotix_ws/devel/.private/xarm_msgs/share/gennodejs/ros/xarm_msgs/srv/GripperMove.js, /home/ubuntu/interbotix_ws/devel/share/gennodejs/ros/xarm_msgs/srv/GripperMove.js)
Linked: (/home/ubuntu/interbotix_ws/devel/.private/xarm_msgs/share/gennodejs/ros/xarm_msgs/srv/GetDigitalIO.js, /home/ubuntu/interbotix_ws/devel/share/gennodejs/ros/xarm_msgs/srv/GetDigitalIO.js)
Linked: (/home/ubuntu/interbotix_ws/devel/.private/xarm_msgs/share/gennodejs/ros/xarm_msgs/srv/SetAxis.js, /home/ubuntu/interbotix_ws/devel/share/gennodejs/ros/xarm_msgs/srv/SetAxis.js)
Linked: (/home/ubuntu/interbotix_ws/devel/.private/xarm_msgs/share/gennodejs/ros/xarm_msgs/srv/GripperConfig.js, /home/ubuntu/interbotix_ws/devel/share/gennodejs/ros/xarm_msgs/srv/GripperConfig.js)
Linked: (/home/ubuntu/interbotix_ws/devel/.private/xarm_msgs/share/gennodejs/ros/xarm_msgs/srv/ConfigToolModbus.js, /home/ubuntu/interbotix_ws/devel/share/gennodejs/ros/xarm_msgs/srv/ConfigToolModbus.js)
Linked: (/home/ubuntu/interbotix_ws/devel/.private/xarm_msgs/share/gennodejs/ros/xarm_msgs/srv/ClearErr.js, /home/ubuntu/interbotix_ws/devel/share/gennodejs/ros/xarm_msgs/srv/ClearErr.js)
Linked: (/home/ubuntu/interbotix_ws/devel/.private/xarm_msgs/share/xarm_msgs/cmake/xarm_msgsConfig-version.cmake, /home/ubuntu/interbotix_ws/devel/share/xarm_msgs/cmake/xarm_msgsConfig-version.cmake)
Linked: (/home/ubuntu/interbotix_ws/devel/.private/xarm_msgs/share/xarm_msgs/cmake/xarm_msgsConfig.cmake, /home/ubuntu/interbotix_ws/devel/share/xarm_msgs/cmake/xarm_msgsConfig.cmake)
Linked: (/home/ubuntu/interbotix_ws/devel/.private/xarm_msgs/share/xarm_msgs/cmake/xarm_msgs-msg-paths.cmake, /home/ubuntu/interbotix_ws/devel/share/xarm_msgs/cmake/xarm_msgs-msg-paths.cmake)
Linked: (/home/ubuntu/interbotix_ws/devel/.private/xarm_msgs/share/xarm_msgs/cmake/xarm_msgs-msg-extras.cmake, /home/ubuntu/interbotix_ws/devel/share/xarm_msgs/cmake/xarm_msgs-msg-extras.cmake)
Linked: (/home/ubuntu/interbotix_ws/devel/.private/xarm_msgs/include/xarm_msgs/SetDigitalIOResponse.h, /home/ubuntu/interbotix_ws/devel/include/xarm_msgs/SetDigitalIOResponse.h)
Linked: (/home/ubuntu/interbotix_ws/devel/.private/xarm_msgs/include/xarm_msgs/GripperMoveRequest.h, /home/ubuntu/interbotix_ws/devel/include/xarm_msgs/GripperMoveRequest.h)
Linked: (/home/ubuntu/interbotix_ws/devel/.private/xarm_msgs/include/xarm_msgs/GetControllerDigitalIO.h, /home/ubuntu/interbotix_ws/devel/include/xarm_msgs/GetControllerDigitalIO.h)
Linked: (/home/ubuntu/interbotix_ws/devel/.private/xarm_msgs/include/xarm_msgs/MoveRequest.h, /home/ubuntu/interbotix_ws/devel/include/xarm_msgs/MoveRequest.h)
Linked: (/home/ubuntu/interbotix_ws/devel/.private/xarm_msgs/include/xarm_msgs/SetAxisRequest.h, /home/ubuntu/interbotix_ws/devel/include/xarm_msgs/SetAxisRequest.h)
Linked: (/home/ubuntu/interbotix_ws/devel/.private/xarm_msgs/include/xarm_msgs/TCPOffset.h, /home/ubuntu/interbotix_ws/devel/include/xarm_msgs/TCPOffset.h)
Linked: (/home/ubuntu/interbotix_ws/devel/.private/xarm_msgs/include/xarm_msgs/TCPOffsetResponse.h, /home/ubuntu/interbotix_ws/devel/include/xarm_msgs/TCPOffsetResponse.h)
Linked: (/home/ubuntu/interbotix_ws/devel/.private/xarm_msgs/include/xarm_msgs/SetInt16.h, /home/ubuntu/interbotix_ws/devel/include/xarm_msgs/SetInt16.h)
Linked: (/home/ubuntu/interbotix_ws/devel/.private/xarm_msgs/include/xarm_msgs/GripperMoveResponse.h, /home/ubuntu/interbotix_ws/devel/include/xarm_msgs/GripperMoveResponse.h)
Linked: (/home/ubuntu/interbotix_ws/devel/.private/xarm_msgs/include/xarm_msgs/TCPOffsetRequest.h, /home/ubuntu/interbotix_ws/devel/include/xarm_msgs/TCPOffsetRequest.h)
Linked: (/home/ubuntu/interbotix_ws/devel/.private/xarm_msgs/include/xarm_msgs/SetInt16Response.h, /home/ubuntu/interbotix_ws/devel/include/xarm_msgs/SetInt16Response.h)
Linked: (/home/ubuntu/interbotix_ws/devel/.private/xarm_msgs/include/xarm_msgs/ClearErrRequest.h, /home/ubuntu/interbotix_ws/devel/include/xarm_msgs/ClearErrRequest.h)
Linked: (/home/ubuntu/interbotix_ws/devel/.private/xarm_msgs/include/xarm_msgs/GetErr.h, /home/ubuntu/interbotix_ws/devel/include/xarm_msgs/GetErr.h)
Linked: (/home/ubuntu/interbotix_ws/devel/.private/xarm_msgs/include/xarm_msgs/SetLoad.h, /home/ubuntu/interbotix_ws/devel/include/xarm_msgs/SetLoad.h)
Linked: (/home/ubuntu/interbotix_ws/devel/.private/xarm_msgs/include/xarm_msgs/SetToolModbus.h, /home/ubuntu/interbotix_ws/devel/include/xarm_msgs/SetToolModbus.h)
Linked: (/home/ubuntu/interbotix_ws/devel/.private/xarm_msgs/include/xarm_msgs/GetAnalogIO.h, /home/ubuntu/interbotix_ws/devel/include/xarm_msgs/GetAnalogIO.h)
Linked: (/home/ubuntu/interbotix_ws/devel/.private/xarm_msgs/include/xarm_msgs/GetDigitalIO.h, /home/ubuntu/interbotix_ws/devel/include/xarm_msgs/GetDigitalIO.h)
Linked: (/home/ubuntu/interbotix_ws/devel/.private/xarm_msgs/include/xarm_msgs/GetAnalogIORequest.h, /home/ubuntu/interbotix_ws/devel/include/xarm_msgs/GetAnalogIORequest.h)
Linked: (/home/ubuntu/interbotix_ws/devel/.private/xarm_msgs/include/xarm_msgs/GetControllerDigitalIORequest.h, /home/ubuntu/interbotix_ws/devel/include/xarm_msgs/GetControllerDigitalIORequest.h)
Linked: (/home/ubuntu/interbotix_ws/devel/.private/xarm_msgs/include/xarm_msgs/GripperConfigRequest.h, /home/ubuntu/interbotix_ws/devel/include/xarm_msgs/GripperConfigRequest.h)
Linked: (/home/ubuntu/interbotix_ws/devel/.private/xarm_msgs/include/xarm_msgs/GetErrResponse.h, /home/ubuntu/interbotix_ws/devel/include/xarm_msgs/GetErrResponse.h)
Linked: (/home/ubuntu/interbotix_ws/devel/.private/xarm_msgs/include/xarm_msgs/ConfigToolModbusResponse.h, /home/ubuntu/interbotix_ws/devel/include/xarm_msgs/ConfigToolModbusResponse.h)
Linked: (/home/ubuntu/interbotix_ws/devel/.private/xarm_msgs/include/xarm_msgs/GetControllerDigitalIOResponse.h, /home/ubuntu/interbotix_ws/devel/include/xarm_msgs/GetControllerDigitalIOResponse.h)
Linked: (/home/ubuntu/interbotix_ws/devel/.private/xarm_msgs/include/xarm_msgs/Move.h, /home/ubuntu/interbotix_ws/devel/include/xarm_msgs/Move.h)
Linked: (/home/ubuntu/interbotix_ws/devel/.private/xarm_msgs/include/xarm_msgs/ConfigToolModbusRequest.h, /home/ubuntu/interbotix_ws/devel/include/xarm_msgs/ConfigToolModbusRequest.h)
Linked: (/home/ubuntu/interbotix_ws/devel/.private/xarm_msgs/include/xarm_msgs/GetAnalogIOResponse.h, /home/ubuntu/interbotix_ws/devel/include/xarm_msgs/GetAnalogIOResponse.h)
Linked: (/home/ubuntu/interbotix_ws/devel/.private/xarm_msgs/include/xarm_msgs/GripperMove.h, /home/ubuntu/interbotix_ws/devel/include/xarm_msgs/GripperMove.h)
Linked: (/home/ubuntu/interbotix_ws/devel/.private/xarm_msgs/include/xarm_msgs/SetAxisResponse.h, /home/ubuntu/interbotix_ws/devel/include/xarm_msgs/SetAxisResponse.h)
Linked: (/home/ubuntu/interbotix_ws/devel/.private/xarm_msgs/include/xarm_msgs/SetInt16Request.h, /home/ubuntu/interbotix_ws/devel/include/xarm_msgs/SetInt16Request.h)
Linked: (/home/ubuntu/interbotix_ws/devel/.private/xarm_msgs/include/xarm_msgs/SetToolModbusResponse.h, /home/ubuntu/interbotix_ws/devel/include/xarm_msgs/SetToolModbusResponse.h)
Linked: (/home/ubuntu/interbotix_ws/devel/.private/xarm_msgs/include/xarm_msgs/SetDigitalIORequest.h, /home/ubuntu/interbotix_ws/devel/include/xarm_msgs/SetDigitalIORequest.h)
Linked: (/home/ubuntu/interbotix_ws/devel/.private/xarm_msgs/include/xarm_msgs/GripperConfigResponse.h, /home/ubuntu/interbotix_ws/devel/include/xarm_msgs/GripperConfigResponse.h)
Linked: (/home/ubuntu/interbotix_ws/devel/.private/xarm_msgs/include/xarm_msgs/SetAxis.h, /home/ubuntu/interbotix_ws/devel/include/xarm_msgs/SetAxis.h)
Linked: (/home/ubuntu/interbotix_ws/devel/.private/xarm_msgs/include/xarm_msgs/MoveResponse.h, /home/ubuntu/interbotix_ws/devel/include/xarm_msgs/MoveResponse.h)
Linked: (/home/ubuntu/interbotix_ws/devel/.private/xarm_msgs/include/xarm_msgs/GripperState.h, /home/ubuntu/interbotix_ws/devel/include/xarm_msgs/GripperState.h)
Linked: (/home/ubuntu/interbotix_ws/devel/.private/xarm_msgs/include/xarm_msgs/ClearErr.h, /home/ubuntu/interbotix_ws/devel/include/xarm_msgs/ClearErr.h)
Linked: (/home/ubuntu/interbotix_ws/devel/.private/xarm_msgs/include/xarm_msgs/GetErrRequest.h, /home/ubuntu/interbotix_ws/devel/include/xarm_msgs/GetErrRequest.h)
Linked: (/home/ubuntu/interbotix_ws/devel/.private/xarm_msgs/include/xarm_msgs/RobotMsg.h, /home/ubuntu/interbotix_ws/devel/include/xarm_msgs/RobotMsg.h)
Linked: (/home/ubuntu/interbotix_ws/devel/.private/xarm_msgs/include/xarm_msgs/GripperConfig.h, /home/ubuntu/interbotix_ws/devel/include/xarm_msgs/GripperConfig.h)
Linked: (/home/ubuntu/interbotix_ws/devel/.private/xarm_msgs/include/xarm_msgs/SetToolModbusRequest.h, /home/ubuntu/interbotix_ws/devel/include/xarm_msgs/SetToolModbusRequest.h)
Linked: (/home/ubuntu/interbotix_ws/devel/.private/xarm_msgs/include/xarm_msgs/SetLoadResponse.h, /home/ubuntu/interbotix_ws/devel/include/xarm_msgs/SetLoadResponse.h)
Linked: (/home/ubuntu/interbotix_ws/devel/.private/xarm_msgs/include/xarm_msgs/GripperStateResponse.h, /home/ubuntu/interbotix_ws/devel/include/xarm_msgs/GripperStateResponse.h)
Linked: (/home/ubuntu/interbotix_ws/devel/.private/xarm_msgs/include/xarm_msgs/SetDigitalIO.h, /home/ubuntu/interbotix_ws/devel/include/xarm_msgs/SetDigitalIO.h)
Linked: (/home/ubuntu/interbotix_ws/devel/.private/xarm_msgs/include/xarm_msgs/ConfigToolModbus.h, /home/ubuntu/interbotix_ws/devel/include/xarm_msgs/ConfigToolModbus.h)
Linked: (/home/ubuntu/interbotix_ws/devel/.private/xarm_msgs/include/xarm_msgs/GripperStateRequest.h, /home/ubuntu/interbotix_ws/devel/include/xarm_msgs/GripperStateRequest.h)
Linked: (/home/ubuntu/interbotix_ws/devel/.private/xarm_msgs/include/xarm_msgs/GetDigitalIOResponse.h, /home/ubuntu/interbotix_ws/devel/include/xarm_msgs/GetDigitalIOResponse.h)
Linked: (/home/ubuntu/interbotix_ws/devel/.private/xarm_msgs/include/xarm_msgs/GetDigitalIORequest.h, /home/ubuntu/interbotix_ws/devel/include/xarm_msgs/GetDigitalIORequest.h)
Linked: (/home/ubuntu/interbotix_ws/devel/.private/xarm_msgs/include/xarm_msgs/IOState.h, /home/ubuntu/interbotix_ws/devel/include/xarm_msgs/IOState.h)
Linked: (/home/ubuntu/interbotix_ws/devel/.private/xarm_msgs/include/xarm_msgs/ClearErrResponse.h, /home/ubuntu/interbotix_ws/devel/include/xarm_msgs/ClearErrResponse.h)
Linked: (/home/ubuntu/interbotix_ws/devel/.private/xarm_msgs/include/xarm_msgs/SetLoadRequest.h, /home/ubuntu/interbotix_ws/devel/include/xarm_msgs/SetLoadRequest.h)
