[  0%] Built target _xarm_msgs_generate_messages_check_deps_ConfigToolModbus
[  0%] Built target _xarm_msgs_generate_messages_check_deps_GetControllerDigitalIO
[  0%] Built target std_msgs_generate_messages_eus
[  0%] Built target _xarm_msgs_generate_messages_check_deps_RobotMsg
[  0%] Built target _xarm_msgs_generate_messages_check_deps_GetErr
[  0%] Built target _xarm_msgs_generate_messages_check_deps_SetAxis
[  0%] Built target _xarm_msgs_generate_messages_check_deps_TCPOffset
[  0%] Built target _xarm_msgs_generate_messages_check_deps_GetDigitalIO
[  0%] Built target _xarm_msgs_generate_messages_check_deps_IOState
[  0%] Built target _xarm_msgs_generate_messages_check_deps_GripperState
[  0%] Built target _xarm_msgs_generate_messages_check_deps_SetInt16
[  0%] Built target _xarm_msgs_generate_messages_check_deps_ClearErr
[  0%] Built target _xarm_msgs_generate_messages_check_deps_GripperMove
[  0%] Built target _xarm_msgs_generate_messages_check_deps_GetAnalogIO
[  0%] Built target _xarm_msgs_generate_messages_check_deps_Move
[  0%] Built target _xarm_msgs_generate_messages_check_deps_GripperConfig
[  0%] Built target _xarm_msgs_generate_messages_check_deps_SetLoad
[  0%] Built target _xarm_msgs_generate_messages_check_deps_SetToolModbus
[  0%] Built target _xarm_msgs_generate_messages_check_deps_SetDigitalIO
[  0%] Built target std_msgs_generate_messages_lisp
[  0%] Built target std_msgs_generate_messages_py
[  0%] Built target std_msgs_generate_messages_cpp
[  0%] Built target std_msgs_generate_messages_nodejs
[ 20%] Built target xarm_msgs_generate_messages_eus
[ 39%] Built target xarm_msgs_generate_messages_lisp
[ 59%] Built target xarm_msgs_generate_messages_cpp
[ 80%] Built target xarm_msgs_generate_messages_py
[100%] Built target xarm_msgs_generate_messages_nodejs
[100%] Built target xarm_msgs_generate_messages
