Not searching for unused variables given on the command line.
[36m--[0m The C compiler identification is GNU 9.3.0
[36m--[0m The CXX compiler identification is GNU 9.3.0
[36m--[0m Check for working C compiler: /bin/cc
[36m--[0m Check for working C compiler: /bin/cc -- works
[36m--[0m Detecting C compiler ABI info
[36m--[0m Detecting C compiler ABI info - done
[36m--[0m Detecting C compile features
[36m--[0m Detecting C compile features - done
[36m--[0m Check for working CXX compiler: /bin/c++
[36m--[0m Check for working CXX compiler: /bin/c++ -- works
[36m--[0m Detecting CXX compiler ABI info
[36m--[0m Detecting CXX compiler ABI info - done
[36m--[0m Detecting CXX compile features
[36m--[0m Detecting CXX compile features - done
[36m--[0m Using CATKIN_DEVEL_PREFIX: /home/ubuntu/interbotix_ws/devel/.private/yocs_cmd_vel_mux
[36m--[0m Using CMAKE_PREFIX_PATH: /home/ubuntu/catkin_ws2/devel;/home/ubuntu/interbotix_ws/devel;/opt/ros/noetic
[36m--[0m This workspace overlays: /home/ubuntu/catkin_ws2/devel;/home/ubuntu/interbotix_ws/devel;/opt/ros/noetic
[36m--[0m Found PythonInterp: /bin/python3 (found suitable version "3.8.10", minimum required is "3")
[36m--[0m Using PYTHON_EXECUTABLE: /bin/python3
[36m--[0m Using Debian Python package layout
[36m--[0m Found PY_em: /usr/lib/python3/dist-packages/em.py
[36m--[0m Using empy: /usr/lib/python3/dist-packages/em.py
[36m--[0m Using CATKIN_ENABLE_TESTING: ON
[36m--[0m Call enable_testing()
[36m--[0m Using CATKIN_TEST_RESULTS_DIR: /home/ubuntu/interbotix_ws/build/yocs_cmd_vel_mux/test_results
[36m--[0m Forcing gtest/gmock from source, though one was otherwise available.
[36m--[0m Found gtest sources under '/usr/src/googletest': gtests will be built
[36m--[0m Found gmock sources under '/usr/src/googletest': gmock will be built
[36m--[0m Found PythonInterp: /bin/python3 (found version "3.8.10")
[36m--[0m Found Threads: TRUE
[36m--[0m Using Python nosetests: /bin/nosetests3
[36m--[0m catkin 0.8.10
[36m--[0m BUILD_SHARED_LIBS is on
[36m--[0m Found PkgConfig: /bin/pkg-config (found version "0.29.1")
[36m--[0m Checking for one of the modules 'yaml-cpp'
[36m--[0m Configuring done
CMake Warning (dev) at CMakeLists.txt:29 (add_dependencies):
  Policy CMP0046 is not set: Error on non-existent dependency in
  add_dependencies.  Run "cmake --help-policy CMP0046" for policy details.
  Use the cmake_policy command to set the policy and suppress this warning.

  The dependency target "geometry_msgs_gencpp" of target
  "yocs_cmd_vel_mux_nodelet" does not exist.
This warning is for project developers.  Use -Wno-dev to suppress it.

[36m--[0m Generating done
[36m--[0m Build files have been written to: /home/ubuntu/interbotix_ws/build/yocs_cmd_vel_mux
