Symlinking /home/ubuntu/interbotix_ws/devel/lib/interbotix_rpi_modules/rpi_pixels
Symlinking /home/ubuntu/interbotix_ws/devel/lib/interbotix_rpi_modules/cmake.lock
Symlinking /home/ubuntu/interbotix_ws/devel/lib/pkgconfig/interbotix_rpi_modules.pc
Symlinking /home/ubuntu/interbotix_ws/devel/lib/python3/dist-packages/interbotix_rpi_modules/__init__.py
Symlinking /home/ubuntu/interbotix_ws/devel/lib/python3/dist-packages/interbotix_rpi_modules/msg/_PixelCommands.py
Symlinking /home/ubuntu/interbotix_ws/devel/lib/python3/dist-packages/interbotix_rpi_modules/msg/__init__.py
Symlinking /home/ubuntu/interbotix_ws/devel/share/common-lisp/ros/interbotix_rpi_modules/msg/_package.lisp
Symlinking /home/ubuntu/interbotix_ws/devel/share/common-lisp/ros/interbotix_rpi_modules/msg/interbotix_rpi_modules-msg.asd
Symlinking /home/ubuntu/interbotix_ws/devel/share/common-lisp/ros/interbotix_rpi_modules/msg/_package_PixelCommands.lisp
Symlinking /home/ubuntu/interbotix_ws/devel/share/common-lisp/ros/interbotix_rpi_modules/msg/PixelCommands.lisp
Symlinking /home/ubuntu/interbotix_ws/devel/share/roseus/ros/interbotix_rpi_modules/manifest.l
Symlinking /home/ubuntu/interbotix_ws/devel/share/roseus/ros/interbotix_rpi_modules/msg/PixelCommands.l
Symlinking /home/ubuntu/interbotix_ws/devel/share/interbotix_rpi_modules/cmake/interbotix_rpi_modulesConfig-version.cmake
Symlinking /home/ubuntu/interbotix_ws/devel/share/interbotix_rpi_modules/cmake/interbotix_rpi_modules-msg-extras.cmake
Symlinking /home/ubuntu/interbotix_ws/devel/share/interbotix_rpi_modules/cmake/interbotix_rpi_modules-msg-paths.cmake
Symlinking /home/ubuntu/interbotix_ws/devel/share/interbotix_rpi_modules/cmake/interbotix_rpi_modulesConfig.cmake
Symlinking /home/ubuntu/interbotix_ws/devel/share/gennodejs/ros/interbotix_rpi_modules/_index.js
Symlinking /home/ubuntu/interbotix_ws/devel/share/gennodejs/ros/interbotix_rpi_modules/msg/_index.js
Symlinking /home/ubuntu/interbotix_ws/devel/share/gennodejs/ros/interbotix_rpi_modules/msg/PixelCommands.js
Symlinking /home/ubuntu/interbotix_ws/devel/include/interbotix_rpi_modules/PixelCommands.h
