[35m[1mScanning dependencies of target _interbotix_rpi_modules_generate_messages_check_deps_PixelCommands[0m
[  0%] Built target _interbotix_rpi_modules_generate_messages_check_deps_PixelCommands
[35m[1mScanning dependencies of target std_msgs_generate_messages_lisp[0m
[  0%] Built target std_msgs_generate_messages_lisp
[35m[1mScanning dependencies of target std_msgs_generate_messages_py[0m
[  0%] Built target std_msgs_generate_messages_py
[35m[1mScanning dependencies of target std_msgs_generate_messages_cpp[0m
[  0%] Built target std_msgs_generate_messages_cpp
[35m[1mScanning dependencies of target std_msgs_generate_messages_nodejs[0m
[  0%] Built target std_msgs_generate_messages_nodejs
[35m[1mScanning dependencies of target std_msgs_generate_messages_eus[0m
[  0%] Built target std_msgs_generate_messages_eus
[35m[1mScanning dependencies of target interbotix_rpi_modules_generate_messages_lisp[0m
[35m[1mScanning dependencies of target interbotix_rpi_modules_generate_messages_py[0m
[ 14%] [34m[1mGenerating Python from MSG interbotix_rpi_modules/PixelCommands[0m
[ 28%] [34m[1mGenerating Lisp code from interbotix_rpi_modules/PixelCommands.msg[0m
[ 28%] Built target interbotix_rpi_modules_generate_messages_lisp
[35m[1mScanning dependencies of target interbotix_rpi_modules_generate_messages_cpp[0m
[ 42%] [34m[1mGenerating C++ code from interbotix_rpi_modules/PixelCommands.msg[0m
[ 57%] [34m[1mGenerating Python msg __init__.py for interbotix_rpi_modules[0m
[ 57%] Built target interbotix_rpi_modules_generate_messages_cpp
[35m[1mScanning dependencies of target interbotix_rpi_modules_generate_messages_nodejs[0m
[ 71%] [34m[1mGenerating Javascript code from interbotix_rpi_modules/PixelCommands.msg[0m
[ 71%] Built target interbotix_rpi_modules_generate_messages_nodejs
[35m[1mScanning dependencies of target interbotix_rpi_modules_generate_messages_eus[0m
[ 85%] [34m[1mGenerating EusLisp code from interbotix_rpi_modules/PixelCommands.msg[0m
[ 85%] Built target interbotix_rpi_modules_generate_messages_py
[100%] [34m[1mGenerating EusLisp manifest code for interbotix_rpi_modules[0m
[100%] Built target interbotix_rpi_modules_generate_messages_eus
[35m[1mScanning dependencies of target interbotix_rpi_modules_generate_messages[0m
[100%] Built target interbotix_rpi_modules_generate_messages
