Not searching for unused variables given on the command line.
[36m--[0m The C compiler identification is GNU 9.3.0
[36m--[0m The CXX compiler identification is GNU 9.3.0
[36m--[0m Check for working C compiler: /bin/cc
[36m--[0m Check for working C compiler: /bin/cc -- works
[36m--[0m Detecting C compiler ABI info
[36m--[0m Detecting C compiler ABI info - done
[36m--[0m Detecting C compile features
[36m--[0m Detecting C compile features - done
[36m--[0m Check for working CXX compiler: /bin/c++
[36m--[0m Check for working CXX compiler: /bin/c++ -- works
[36m--[0m Detecting CXX compiler ABI info
[36m--[0m Detecting CXX compiler ABI info - done
[36m--[0m Detecting CXX compile features
[36m--[0m Detecting CXX compile features - done
[36m--[0m Using CATKIN_DEVEL_PREFIX: /home/ubuntu/interbotix_ws/devel/.private/xslocobot_drive
[36m--[0m Using CMAKE_PREFIX_PATH: /home/ubuntu/interbotix_ws/devel;/opt/ros/noetic
[36m--[0m This workspace overlays: /home/ubuntu/interbotix_ws/devel;/opt/ros/noetic
[36m--[0m Found PythonInterp: /bin/python3 (found suitable version "3.8.10", minimum required is "3")
[36m--[0m Using PYTHON_EXECUTABLE: /bin/python3
[36m--[0m Using Debian Python package layout
[36m--[0m Found PY_em: /usr/lib/python3/dist-packages/em.py
[36m--[0m Using empy: /usr/lib/python3/dist-packages/em.py
[36m--[0m Using CATKIN_ENABLE_TESTING: ON
[36m--[0m Call enable_testing()
[36m--[0m Using CATKIN_TEST_RESULTS_DIR: /home/ubuntu/interbotix_ws/build/xslocobot_drive/test_results
[36m--[0m Forcing gtest/gmock from source, though one was otherwise available.
[36m--[0m Found gtest sources under '/usr/src/googletest': gtests will be built
[36m--[0m Found gmock sources under '/usr/src/googletest': gmock will be built
[36m--[0m Found PythonInterp: /bin/python3 (found version "3.8.10")
[36m--[0m Found Threads: TRUE
[36m--[0m Using Python nosetests: /bin/nosetests3
[36m--[0m catkin 0.8.10
[36m--[0m BUILD_SHARED_LIBS is on
[36m--[0m Using these message generators: gencpp;geneus;genlisp;gennodejs;genpy
[36m--[0m Installing devel-space wrapper /home/ubuntu/interbotix_ws/src/interbotix_ros_rovers/interbotix_ros_xslocobots/locobot_test_pkg/bin/hello to /home/ubuntu/interbotix_ws/devel/.private/xslocobot_drive/lib/xslocobot_drive
[36m--[0m Installing devel-space wrapper /home/ubuntu/interbotix_ws/src/interbotix_ros_rovers/interbotix_ros_xslocobots/locobot_test_pkg/bin/joint_test to /home/ubuntu/interbotix_ws/devel/.private/xslocobot_drive/lib/xslocobot_drive
[36m--[0m Installing devel-space wrapper /home/ubuntu/interbotix_ws/src/interbotix_ros_rovers/interbotix_ros_xslocobots/locobot_test_pkg/bin/traceSquare to /home/ubuntu/interbotix_ws/devel/.private/xslocobot_drive/lib/xslocobot_drive
[36m--[0m Installing devel-space wrapper /home/ubuntu/interbotix_ws/src/interbotix_ros_rovers/interbotix_ros_xslocobots/locobot_test_pkg/src/xs_scripts/getImage.py to /home/ubuntu/interbotix_ws/devel/.private/xslocobot_drive/lib/xslocobot_drive
[36m--[0m Installing devel-space wrapper /home/ubuntu/interbotix_ws/src/interbotix_ros_rovers/interbotix_ros_xslocobots/locobot_test_pkg/src/xs_scripts/pilot.py to /home/ubuntu/interbotix_ws/devel/.private/xslocobot_drive/lib/xslocobot_drive
[36m--[0m Configuring done
[36m--[0m Generating done
[36m--[0m Build files have been written to: /home/ubuntu/interbotix_ws/build/xslocobot_drive
