Performing C SOURCE FILE Test CMAKE_HAVE_LIBC_PTHREAD failed with the following output:
Change Dir: /home/ubuntu/interbotix_ws/build/interbotix_rpi_modules/CMakeFiles/CMakeTmp

Run Build Command(s):/bin/make cmTC_fce2d/fast && /bin/make -f CMakeFiles/cmTC_fce2d.dir/build.make CMakeFiles/cmTC_fce2d.dir/build
make[1]: Entering directory '/home/ubuntu/interbotix_ws/build/interbotix_rpi_modules/CMakeFiles/CMakeTmp'
Building C object CMakeFiles/cmTC_fce2d.dir/src.c.o
/bin/cc   -DCMAKE_HAVE_LIBC_PTHREAD   -o CMakeFiles/cmTC_fce2d.dir/src.c.o   -c /home/ubuntu/interbotix_ws/build/interbotix_rpi_modules/CMakeFiles/CMakeTmp/src.c
Linking C executable cmTC_fce2d
/usr/bin/cmake -E cmake_link_script CMakeFiles/cmTC_fce2d.dir/link.txt --verbose=1
/bin/cc  -DCMAKE_HAVE_LIBC_PTHREAD    -rdynamic CMakeFiles/cmTC_fce2d.dir/src.c.o  -o cmTC_fce2d 
/bin/ld: CMakeFiles/cmTC_fce2d.dir/src.c.o: in function `main':
src.c:(.text+0x48): undefined reference to `pthread_create'
/bin/ld: src.c:(.text+0x50): undefined reference to `pthread_detach'
/bin/ld: src.c:(.text+0x5c): undefined reference to `pthread_join'
collect2: error: ld returned 1 exit status
make[1]: *** [CMakeFiles/cmTC_fce2d.dir/build.make:87: cmTC_fce2d] Error 1
make[1]: Leaving directory '/home/ubuntu/interbotix_ws/build/interbotix_rpi_modules/CMakeFiles/CMakeTmp'
make: *** [Makefile:121: cmTC_fce2d/fast] Error 2


Source file was:
#include <pthread.h>

void* test_func(void* data)
{
  return data;
}

int main(void)
{
  pthread_t thread;
  pthread_create(&thread, NULL, test_func, NULL);
  pthread_detach(thread);
  pthread_join(thread, NULL);
  pthread_atfork(NULL, NULL, NULL);
  pthread_exit(NULL);

  return 0;
}

Determining if the function pthread_create exists in the pthreads failed with the following output:
Change Dir: /home/ubuntu/interbotix_ws/build/interbotix_rpi_modules/CMakeFiles/CMakeTmp

Run Build Command(s):/bin/make cmTC_0e492/fast && /bin/make -f CMakeFiles/cmTC_0e492.dir/build.make CMakeFiles/cmTC_0e492.dir/build
make[1]: Entering directory '/home/ubuntu/interbotix_ws/build/interbotix_rpi_modules/CMakeFiles/CMakeTmp'
Building C object CMakeFiles/cmTC_0e492.dir/CheckFunctionExists.c.o
/bin/cc   -DCHECK_FUNCTION_EXISTS=pthread_create   -o CMakeFiles/cmTC_0e492.dir/CheckFunctionExists.c.o   -c /usr/share/cmake-3.16/Modules/CheckFunctionExists.c
Linking C executable cmTC_0e492
/usr/bin/cmake -E cmake_link_script CMakeFiles/cmTC_0e492.dir/link.txt --verbose=1
/bin/cc  -DCHECK_FUNCTION_EXISTS=pthread_create    -rdynamic CMakeFiles/cmTC_0e492.dir/CheckFunctionExists.c.o  -o cmTC_0e492  -lpthreads 
/bin/ld: cannot find -lpthreads
collect2: error: ld returned 1 exit status
make[1]: *** [CMakeFiles/cmTC_0e492.dir/build.make:87: cmTC_0e492] Error 1
make[1]: Leaving directory '/home/ubuntu/interbotix_ws/build/interbotix_rpi_modules/CMakeFiles/CMakeTmp'
make: *** [Makefile:121: cmTC_0e492/fast] Error 2



